"../../../Engine/Plugins/Animation/ACLPlugin/Content/ACLAnimBoneCompressionSettings.uexp" 0
"../../../Engine/Plugins/Animation/ACLPlugin/Content/ACLAnimBoneCompressionSettings.uasset" 1
"../../../Engine/Plugins/Animation/ACLPlugin/Content/ACLAnimCurveCompressionSettings.uasset" 2
"../../../Engine/Plugins/Animation/ACLPlugin/Content/ACLAnimCurveCompressionSettings.uexp" 3
"../../../Engine/Plugins/2D/Paper2D/Content/PlaceholderTextures/DummySpriteTexture.ubulk" 4
"../../../Engine/Plugins/2D/Paper2D/Content/PlaceholderTextures/DummySpriteTexture.uexp" 5
"../../../Engine/Plugins/2D/Paper2D/Content/PlaceholderTextures/DummySpriteTexture.uasset" 6
"../../../Engine/Plugins/2D/Paper2D/Content/DummySprite.uasset" 7
"../../../Engine/Plugins/2D/Paper2D/Content/DummySprite.uexp" 8
"../../../Engine/Plugins/2D/Paper2D/Content/DefaultPaperTerrainMaterial.uexp" 9
"../../../Engine/Plugins/2D/Paper2D/Content/DefaultPaperTerrainMaterial.uasset" 10
"../../../Engine/Plugins/Animation/ControlRig/Content/Controls/DefaultGizmoLibraryNormalized.uexp" 11
"../../../Engine/Plugins/Animation/ControlRig/Content/Controls/DefaultGizmoLibraryNormalized.uasset" 12
"../../../Engine/Content/EngineSounds/Master.uexp" 13
"../../../Engine/Content/EngineSounds/Master.uasset" 14
"../../../Engine/Content/EngineMaterials/DefaultPhysicalMaterial.uasset" 15
"../../../Engine/Content/EngineMaterials/DefaultPhysicalMaterial.uexp" 16
"../../../Engine/Content/EngineMaterials/DefaultDestructiblePhysicalMaterial.uasset" 17
"../../../Engine/Content/EngineMaterials/DefaultDestructiblePhysicalMaterial.uexp" 18
"../../../Engine/Content/EngineFonts/Faces/RobotoLight.ufont" 19
"../../../Engine/Content/EngineFonts/Faces/RobotoLight.uasset" 20
"../../../Engine/Content/EngineFonts/Faces/RobotoLight.uexp" 21
"../../../Engine/Content/EngineFonts/Faces/RobotoBold.ufont" 22
"../../../Engine/Content/EngineFonts/Faces/RobotoBold.uasset" 23
"../../../Engine/Content/EngineFonts/Faces/RobotoBold.uexp" 24
"../../../Engine/Content/EngineFonts/Faces/RobotoRegular.uasset" 25
"../../../Engine/Content/EngineFonts/Faces/RobotoRegular.uexp" 26
"../../../Engine/Content/EngineFonts/Faces/RobotoRegular.ufont" 27
"../../../Engine/Content/EngineFonts/Faces/DroidSansFallback.uasset" 28
"../../../Engine/Content/EngineFonts/Faces/DroidSansFallback.ufont" 29
"../../../Engine/Content/EngineFonts/Faces/DroidSansFallback.uexp" 30
"../../../Engine/Content/EngineFonts/Faces/RobotoItalic.ufont" 31
"../../../Engine/Content/EngineFonts/Faces/RobotoItalic.uasset" 32
"../../../Engine/Content/EngineFonts/Faces/RobotoItalic.uexp" 33
"../../../Engine/Content/EngineFonts/Faces/RobotoBoldItalic.uasset" 34
"../../../Engine/Content/EngineFonts/Faces/RobotoBoldItalic.uexp" 35
"../../../Engine/Content/EngineFonts/Faces/RobotoBoldItalic.ufont" 36
"../../../Engine/Content/EngineFonts/Roboto.uasset" 37
"../../../Engine/Content/EngineFonts/Roboto.uexp" 38
"../../../Engine/Content/Animation/DefaultVariableFrameStrippingSettings.uexp" 39
"../../../Engine/Content/Animation/DefaultVariableFrameStrippingSettings.uasset" 40
"../../../Engine/Content/Animation/DefaultRecorderBoneCompression.uexp" 41
"../../../Engine/Content/Animation/DefaultRecorderBoneCompression.uasset" 42
"../../../Engine/Content/MobileResources/HUD/VirtualJoystick_Background.uexp" 43
"../../../Engine/Content/MobileResources/HUD/VirtualJoystick_Background.uasset" 44
"../../../Engine/Content/MobileResources/HUD/VirtualJoystick_Thumb.uasset" 45
"../../../Engine/Content/MobileResources/HUD/VirtualJoystick_Thumb.uexp" 46
"../../../Engine/Content/MobileResources/HUD/DefaultVirtualJoysticks.uasset" 47
"../../../Engine/Content/MobileResources/HUD/DefaultVirtualJoysticks.uexp" 48
"../../../Engine/Content/EditorResources/S_Actor.uexp" 49
"../../../Engine/Content/EditorResources/S_Actor.ubulk" 50
"../../../Engine/Content/EditorResources/S_Actor.uasset" 51
"../../../Engine/Plugins/Runtime/AudioWidgets/Content/Resources/ScrubHandleDown_Clamped.uasset" 52
"../../../Engine/Plugins/Runtime/AudioWidgets/Content/Resources/ScrubHandleDown_Clamped.uexp" 53
"../../../Engine/Content/EngineResources/GradientTexture0.uexp" 54
"../../../Engine/Content/EngineResources/GradientTexture0.uasset" 55
"../../../Engine/Content/EngineResources/Black.uasset" 56
"../../../Engine/Content/EngineResources/Black.uexp" 57
"../../../Engine/Content/EngineResources/DefaultTexture.uasset" 58
"../../../Engine/Content/EngineResources/DefaultTexture.uexp" 59
"../../../Engine/Content/EngineResources/DefaultTexture.ubulk" 60
"../../../Engine/Content/EngineMaterials/DefaultWhiteGrid.ubulk" 61
"../../../Engine/Content/EngineMaterials/DefaultWhiteGrid.uexp" 62
"../../../Engine/Content/EngineMaterials/DefaultWhiteGrid.uasset" 63
"../../../Engine/Content/EngineMaterials/MiniFont.uexp" 64
"../../../Engine/Content/EngineMaterials/MiniFont.uasset" 65
"../../../Engine/Content/EngineMaterials/DefaultBokeh.uexp" 66
"../../../Engine/Content/EngineMaterials/DefaultBokeh.uasset" 67
"../../../Engine/Content/EngineMaterials/FastBlueNoise_vec2_128x128x64.uexp" 68
"../../../Engine/Content/EngineMaterials/FastBlueNoise_vec2_128x128x64.uasset" 69
"../../../Engine/Content/EngineMaterials/PreintegratedSkinBRDF.uexp" 70
"../../../Engine/Content/EngineMaterials/PreintegratedSkinBRDF.uasset" 71
"../../../Engine/Content/EngineMaterials/FastBlueNoise_scalar_128x128x64.uexp" 72
"../../../Engine/Content/EngineMaterials/FastBlueNoise_scalar_128x128x64.uasset" 73
"../../../Engine/Content/EngineMaterials/DefaultBloomKernel.uexp" 74
"../../../Engine/Content/EngineMaterials/DefaultBloomKernel.uasset" 75
"../../../Engine/Content/EngineDamageTypes/DmgTypeBP_Environmental.uasset" 76
"../../../Engine/Content/EngineDamageTypes/DmgTypeBP_Environmental.uexp" 77
"../../../Engine/Content/EditorResources/BSPVertex.uexp" 78
"../../../Engine/Content/EditorResources/BSPVertex.uasset" 79
"../../../Engine/Content/EditorResources/EmptyActor.uexp" 80
"../../../Engine/Content/EditorResources/EmptyActor.uasset" 81
"../../../Engine/Content/EditorResources/S_Trigger.uexp" 82
"../../../Engine/Content/EditorResources/S_Trigger.ubulk" 83
"../../../Engine/Content/EditorResources/S_Trigger.uasset" 84
"../../../Engine/Content/EditorResources/S_Terrain.uasset" 85
"../../../Engine/Content/EditorResources/S_Terrain.uexp" 86
"../../../Engine/Content/EditorResources/S_Terrain.ubulk" 87
"../../../Engine/Content/EditorResources/S_Solver.uasset" 88
"../../../Engine/Content/EditorResources/S_Solver.uexp" 89
"../../../Engine/Content/EditorResources/S_Solver.ubulk" 90
"../../../Engine/Content/EditorResources/S_TriggerCapsule.uexp" 91
"../../../Engine/Content/EditorResources/S_TriggerCapsule.uasset" 92
"../../../Engine/Content/EditorResources/S_BoxReflectionCapture.uasset" 93
"../../../Engine/Content/EditorResources/S_BoxReflectionCapture.uexp" 94
"../../../Engine/Content/EditorResources/S_TriggerBox.uexp" 95
"../../../Engine/Content/EditorResources/S_TriggerBox.uasset" 96
"../../../Engine/Content/EditorResources/S_TriggerSphere.uasset" 97
"../../../Engine/Content/EditorResources/S_TriggerSphere.uexp" 98
"../../../Engine/Content/EditorLandscapeResources/DefaultAlphaTexture.uexp" 99
"../../../Engine/Content/EditorLandscapeResources/DefaultAlphaTexture.uasset" 100
"../../../Engine/Content/EngineResources/FilmGrains/Marcie_Grain_v3_128_M2_000.uexp" 101
"../../../Engine/Content/EngineResources/FilmGrains/Marcie_Grain_v3_128_M2_000.uasset" 102
"../../../Engine/Content/EngineMaterials/LTC/GGX_LTCAmp.uexp" 103
"../../../Engine/Content/EngineMaterials/LTC/GGX_LTCAmp.uasset" 104
"../../../Engine/Content/EngineMaterials/LTC/Sheen_LTC.uasset" 105
"../../../Engine/Content/EngineMaterials/LTC/Sheen_LTC.uexp" 106
"../../../Engine/Content/EngineMaterials/LTC/GGX_LTCMat.uexp" 107
"../../../Engine/Content/EngineMaterials/LTC/GGX_LTCMat.uasset" 108
"../../../Engine/Content/EngineMaterials/EnergyConservation/Diffuse_Energy.uexp" 109
"../../../Engine/Content/EngineMaterials/EnergyConservation/Diffuse_Energy.uasset" 110
"../../../Engine/Content/EngineMaterials/EnergyConservation/SheenLegacy_Energy.uasset" 111
"../../../Engine/Content/EngineMaterials/EnergyConservation/SheenLegacy_Energy.uexp" 112
"../../../Engine/Content/EngineMaterials/EnergyConservation/Sheen_Energy.uasset" 113
"../../../Engine/Content/EngineMaterials/EnergyConservation/Sheen_Energy.uexp" 114
"../../../Engine/Content/EngineMaterials/EnergyConservation/GGX_TransmissionEnergyArray.uasset" 115
"../../../Engine/Content/EngineMaterials/EnergyConservation/GGX_TransmissionEnergyArray.uexp" 116
"../../../Engine/Content/EngineMaterials/EnergyConservation/GGX_ReflectionEnergy.uasset" 117
"../../../Engine/Content/EngineMaterials/EnergyConservation/GGX_ReflectionEnergy.uexp" 118
"../../../Engine/Content/EditorResources/SequenceRecorder/RecordingIndicator.uexp" 119
"../../../Engine/Content/EditorResources/SequenceRecorder/RecordingIndicator.uasset" 120
"../../../Engine/Content/EditorResources/SequenceRecorder/Countdown.uasset" 121
"../../../Engine/Content/EditorResources/SequenceRecorder/Countdown.uexp" 122
"../../../Engine/Content/EditorMaterials/ParticleSystems/PSysThumbnail_OOD.ubulk" 123
"../../../Engine/Content/EditorMaterials/ParticleSystems/PSysThumbnail_OOD.uexp" 124
"../../../Engine/Content/EditorMaterials/ParticleSystems/PSysThumbnail_OOD.uasset" 125
"../../../Engine/Content/EditorMaterials/ParticleSystems/PSysThumbnail_NoImage.ubulk" 126
"../../../Engine/Content/EditorMaterials/ParticleSystems/PSysThumbnail_NoImage.uexp" 127
"../../../Engine/Content/EditorMaterials/ParticleSystems/PSysThumbnail_NoImage.uasset" 128
"../../../Engine/Content/EngineResources/DefaultTextureCube.uasset" 129
"../../../Engine/Content/EngineResources/DefaultTextureCube.uexp" 130
"../../../Engine/Content/EngineMaterials/Substrate/Volume/SubstrateSimpleVolumeLUT3D.uasset" 131
"../../../Engine/Content/EngineMaterials/Substrate/Volume/SubstrateSimpleVolumeLUT3D.uexp" 132
"../../../Engine/Content/EngineMaterials/Substrate/Volume/SubstrateSimpleVolumeEnvLUT3D.uexp" 133
"../../../Engine/Content/EngineMaterials/Substrate/Volume/SubstrateSimpleVolumeEnvLUT3D.uasset" 134
"../../../Engine/Content/EngineResources/DefaultVolumeTexture2D.uexp" 135
"../../../Engine/Content/EngineResources/DefaultVolumeTexture2D.uasset" 136
"../../../Engine/Content/EngineResources/DefaultVolumeTexture.uexp" 137
"../../../Engine/Content/EngineResources/DefaultVolumeTexture.uasset" 138
"../../../Engine/Plugins/Interchange/Assets/Content/Utilities/New_LUT.uasset" 139
"../../../Engine/Plugins/Interchange/Assets/Content/Utilities/New_LUT.uexp" 140
"../../../Engine/Content/Functions/Engine_MaterialFunctions03/Math/RemapValueRange.uexp" 141
"../../../Engine/Content/Functions/Engine_MaterialFunctions03/Math/RemapValueRange.uasset" 142
"../../../Engine/Plugins/Interchange/Assets/Content/Functions/MF_Iridescence.uasset" 143
"../../../Engine/Plugins/Interchange/Assets/Content/Functions/MF_Iridescence.uexp" 144
"../../../Engine/Plugins/Interchange/Assets/Content/Functions/MX_StandardSurface.uasset" 145
"../../../Engine/Plugins/Interchange/Assets/Content/Functions/MX_StandardSurface.uexp" 146
"../../../Engine/Plugins/Interchange/Assets/Content/Functions/MX_TransmissionSurface.uexp" 147
"../../../Engine/Plugins/Interchange/Assets/Content/Functions/MX_TransmissionSurface.uasset" 148
"../../../Engine/Plugins/Interchange/Assets/Content/Functions/MX_OpenPBR_Translucent.uasset" 149
"../../../Engine/Plugins/Interchange/Assets/Content/Functions/MX_OpenPBR_Translucent.uexp" 150
"../../../Engine/Plugins/Interchange/Assets/Content/Functions/MX_ThinFilmBSDF.uasset" 151
"../../../Engine/Plugins/Interchange/Assets/Content/Functions/MX_ThinFilmBSDF.uexp" 152
"../../../Engine/Plugins/Interchange/Assets/Content/Functions/MX_OrenNayarBSDF.uasset" 153
"../../../Engine/Plugins/Interchange/Assets/Content/Functions/MX_OrenNayarBSDF.uexp" 154
"../../../Engine/Plugins/Interchange/Assets/Content/Functions/MX_AbsorptionVDF.uasset" 155
"../../../Engine/Plugins/Interchange/Assets/Content/Functions/MX_AbsorptionVDF.uexp" 156
"../../../Engine/Plugins/Interchange/Assets/Content/Functions/MX_DielectricBSDF.uasset" 157
"../../../Engine/Plugins/Interchange/Assets/Content/Functions/MX_DielectricBSDF.uexp" 158
"../../../Engine/Plugins/Interchange/Assets/Content/Functions/MX_BurleyDiffuseBSDF.uasset" 159
"../../../Engine/Plugins/Interchange/Assets/Content/Functions/MX_BurleyDiffuseBSDF.uexp" 160
"../../../Engine/Plugins/Interchange/Assets/Content/Functions/MX_MeasuredEDF.uasset" 161
"../../../Engine/Plugins/Interchange/Assets/Content/Functions/MX_MeasuredEDF.uexp" 162
"../../../Engine/Plugins/Interchange/Assets/Content/Functions/MX_ConicalEDF.uasset" 163
"../../../Engine/Plugins/Interchange/Assets/Content/Functions/MX_ConicalEDF.uexp" 164
"../../../Engine/Plugins/Interchange/Assets/Content/Functions/MX_SubsurfaceBSDF.uexp" 165
"../../../Engine/Plugins/Interchange/Assets/Content/Functions/MX_SubsurfaceBSDF.uasset" 166
"../../../Engine/Plugins/Interchange/Assets/Content/Functions/MX_SheenBSDF.uexp" 167
"../../../Engine/Plugins/Interchange/Assets/Content/Functions/MX_SheenBSDF.uasset" 168
"../../../Engine/Plugins/Interchange/Assets/Content/Functions/MX_AnisotropicVDF.uexp" 169
"../../../Engine/Plugins/Interchange/Assets/Content/Functions/MX_AnisotropicVDF.uasset" 170
"../../../Engine/Plugins/Interchange/Assets/Content/Functions/MX_TranslucentBSDF.uasset" 171
"../../../Engine/Plugins/Interchange/Assets/Content/Functions/MX_TranslucentBSDF.uexp" 172
"../../../Engine/Plugins/Interchange/Assets/Content/Functions/MX_UsdPreviewSurface.uexp" 173
"../../../Engine/Plugins/Interchange/Assets/Content/Functions/MX_UsdPreviewSurface.uasset" 174
"../../../Engine/Plugins/Interchange/Assets/Content/Functions/MX_OpenPBR_Opaque.uexp" 175
"../../../Engine/Plugins/Interchange/Assets/Content/Functions/MX_OpenPBR_Opaque.uasset" 176
"../../../Engine/Plugins/Interchange/Assets/Content/Functions/MX_ConductorBSDF.uexp" 177
"../../../Engine/Plugins/Interchange/Assets/Content/Functions/MX_ConductorBSDF.uasset" 178
"../../../Engine/Plugins/Interchange/Assets/Content/Functions/MX_SurfaceUnlit.uasset" 179
"../../../Engine/Plugins/Interchange/Assets/Content/Functions/MX_SurfaceUnlit.uexp" 180
"../../../Engine/Plugins/Interchange/Assets/Content/Functions/MX_Surface.uexp" 181
"../../../Engine/Plugins/Interchange/Assets/Content/Functions/MX_Surface.uasset" 182
"../../../Engine/Plugins/Interchange/Assets/Content/Functions/MX_UniformEDF.uexp" 183
"../../../Engine/Plugins/Interchange/Assets/Content/Functions/MX_UniformEDF.uasset" 184
"../../../Engine/Plugins/Interchange/Assets/Content/Functions/MX_GeneralizedSchlickBSDF.uexp" 185
"../../../Engine/Plugins/Interchange/Assets/Content/Functions/MX_GeneralizedSchlickBSDF.uasset" 186
"../../../Engine/Content/Functions/Engine_MaterialFunctions01/Shading/PowerToRoughness.uexp" 187
"../../../Engine/Content/Functions/Engine_MaterialFunctions01/Shading/PowerToRoughness.uasset" 188
"../../../Engine/Content/Functions/Engine_MaterialFunctions01/Shading/ConvertFromDiffSpec.uexp" 189
"../../../Engine/Content/Functions/Engine_MaterialFunctions01/Shading/ConvertFromDiffSpec.uasset" 190
"../../../Engine/Content/EditorMaterials/Dataflow/DataflowVertexMaterial.uasset" 191
"../../../Engine/Content/EditorMaterials/Dataflow/DataflowVertexMaterial.uexp" 192
"../../../Engine/Content/EditorMaterials/Dataflow/DataflowTwoSidedVertexMaterial.uasset" 193
"../../../Engine/Content/EditorMaterials/Dataflow/DataflowTwoSidedVertexMaterial.uexp" 194
"../../../Engine/Content/BasicShapes/BasicShapeMaterial.uexp" 195
"../../../Engine/Content/BasicShapes/BasicShapeMaterial.uasset" 196
"../../../Engine/Content/EditorMaterials/PreviewShadowIndicator.uasset" 197
"../../../Engine/Content/EditorMaterials/PreviewShadowIndicator.uexp" 198
"../../../Engine/Content/EditorMaterials/PreviewShadowIndicator.ubulk" 199
"../../../Engine/Content/EditorMaterials/PreviewShadowIndicatorMaterial.uasset" 200
"../../../Engine/Content/EditorMaterials/PreviewShadowIndicatorMaterial.uexp" 201
"../../../Engine/Content/EditorMaterials/PhAT_NoCollisionMaterial.uexp" 202
"../../../Engine/Content/EditorMaterials/PhAT_NoCollisionMaterial.uasset" 203
"../../../Engine/Content/EditorMaterials/PhAT_UnselectedMaterial.uexp" 204
"../../../Engine/Content/EditorMaterials/PhAT_UnselectedMaterial.uasset" 205
"../../../Engine/Content/EngineDebugMaterials/DebugEditorMaterial.uasset" 206
"../../../Engine/Content/EngineDebugMaterials/DebugEditorMaterial.uexp" 207
"../../../Engine/Content/Functions/Engine_MaterialFunctions02/Utility/CameraDirectionVector.uexp" 208
"../../../Engine/Content/Functions/Engine_MaterialFunctions02/Utility/CameraDirectionVector.uasset" 209
"../../../Engine/Content/EngineDebugMaterials/VolumeToRender.uexp" 210
"../../../Engine/Content/EngineDebugMaterials/VolumeToRender.uasset" 211
"../../../Engine/Content/EngineDebugMaterials/M_VolumeRenderSphereTracePP.uexp" 212
"../../../Engine/Content/EngineDebugMaterials/M_VolumeRenderSphereTracePP.uasset" 213
"../../../Engine/Content/EngineDebugMaterials/M_SimpleUnlitTranslucent.uexp" 214
"../../../Engine/Content/EngineDebugMaterials/M_SimpleUnlitTranslucent.uasset" 215
"../../../Engine/Content/EngineDebugMaterials/DebugMeshMaterial.uexp" 216
"../../../Engine/Content/EngineDebugMaterials/DebugMeshMaterial.uasset" 217
"../../../Engine/Content/EngineMaterials/DefaultCalibrationGrayscale.uexp" 218
"../../../Engine/Content/EngineMaterials/DefaultCalibrationGrayscale.uasset" 219
"../../../Engine/Content/EngineMaterials/PPM_DefaultCalibrationGrayscale.uasset" 220
"../../../Engine/Content/EngineMaterials/PPM_DefaultCalibrationGrayscale.uexp" 221
"../../../Engine/Content/EngineMaterials/NaniteHiddenSectionMaterial.uasset" 222
"../../../Engine/Content/EngineMaterials/NaniteHiddenSectionMaterial.uexp" 223
"../../../Engine/Content/EngineMaterials/DefaultCalibrationColor.uexp" 224
"../../../Engine/Content/EngineMaterials/DefaultCalibrationColor.uasset" 225
"../../../Engine/Content/EngineMaterials/PPM_DefaultCalibrationColor.uasset" 226
"../../../Engine/Content/EngineMaterials/PPM_DefaultCalibrationColor.uexp" 227
"../../../Engine/Content/Functions/Engine_MaterialFunctions02/WorldPositionOffset/CameraOffset.uexp" 228
"../../../Engine/Content/Functions/Engine_MaterialFunctions02/WorldPositionOffset/CameraOffset.uasset" 229
"../../../Engine/Content/EngineMaterials/PhAT_JointLimitMaterial.uasset" 230
"../../../Engine/Content/EngineMaterials/PhAT_JointLimitMaterial.uexp" 231
"../../../Engine/Content/EngineMaterials/GizmoMaterial.uexp" 232
"../../../Engine/Content/EngineMaterials/GizmoMaterial.uasset" 233
"../../../Engine/Content/EngineMaterials/BaseFlattenNormalMap.uexp" 234
"../../../Engine/Content/EngineMaterials/BaseFlattenNormalMap.uasset" 235
"../../../Engine/Content/EngineMaterials/BaseFlattenGrayscaleMap.uasset" 236
"../../../Engine/Content/EngineMaterials/BaseFlattenGrayscaleMap.uexp" 237
"../../../Engine/Content/EngineMaterials/BaseFlattenDiffuseMap.uasset" 238
"../../../Engine/Content/EngineMaterials/BaseFlattenDiffuseMap.uexp" 239
"../../../Engine/Content/Functions/Engine_MaterialFunctions02/PivotPainter2/Black_1x1_EXR_Texture.uexp" 240
"../../../Engine/Content/Functions/Engine_MaterialFunctions02/PivotPainter2/Black_1x1_EXR_Texture.uasset" 241
"../../../Engine/Content/EngineMaterials/BaseFlattenEmissiveMap.uexp" 242
"../../../Engine/Content/EngineMaterials/BaseFlattenEmissiveMap.uasset" 243
"../../../Engine/Content/EngineMaterials/BaseFlattenLinearColor.uasset" 244
"../../../Engine/Content/EngineMaterials/BaseFlattenLinearColor.uexp" 245
"../../../Engine/Content/EngineMaterials/FlattenMaterial.uasset" 246
"../../../Engine/Content/EngineMaterials/FlattenMaterial.uexp" 247
"../../../Engine/Content/EngineMaterials/DefaultWhiteGrid_Low.uasset" 248
"../../../Engine/Content/EngineMaterials/DefaultWhiteGrid_Low.uexp" 249
"../../../Engine/Content/EngineMaterials/EmissiveMeshMaterial.uexp" 250
"../../../Engine/Content/EngineMaterials/EmissiveMeshMaterial.uasset" 251
"../../../Engine/Content/EngineMaterials/BaseFlattenEmissiveMap_VT.uexp" 252
"../../../Engine/Content/EngineMaterials/BaseFlattenEmissiveMap_VT.uasset" 253
"../../../Engine/Content/EngineMaterials/BaseFlattenGrayscaleMap_VT.uexp" 254
"../../../Engine/Content/EngineMaterials/BaseFlattenGrayscaleMap_VT.uasset" 255
"../../../Engine/Content/EngineMaterials/BaseFlattenLinearColor_VT.uasset" 256
"../../../Engine/Content/EngineMaterials/BaseFlattenLinearColor_VT.uexp" 257
"../../../Engine/Content/EngineMaterials/Black_1x1_EXR_Texture_VT.uasset" 258
"../../../Engine/Content/EngineMaterials/Black_1x1_EXR_Texture_VT.uexp" 259
"../../../Engine/Content/EngineMaterials/BaseFlattenDiffuseMap_VT.uasset" 260
"../../../Engine/Content/EngineMaterials/BaseFlattenDiffuseMap_VT.uexp" 261
"../../../Engine/Content/EngineMaterials/BaseFlattenNormalMap_VT.uasset" 262
"../../../Engine/Content/EngineMaterials/BaseFlattenNormalMap_VT.uexp" 263
"../../../Engine/Content/EngineMaterials/FlattenMaterial_WS_Normal_VT.uexp" 264
"../../../Engine/Content/EngineMaterials/FlattenMaterial_WS_Normal_VT.uasset" 265
"../../../Engine/Content/EngineMaterials/RemoveSurfaceMaterial.uasset" 266
"../../../Engine/Content/EngineMaterials/RemoveSurfaceMaterial.uexp" 267
"../../../Engine/Content/EngineMaterials/DefaultDiffuse.ubulk" 268
"../../../Engine/Content/EngineMaterials/DefaultDiffuse.uexp" 269
"../../../Engine/Content/EngineMaterials/DefaultDiffuse.uasset" 270
"../../../Engine/Content/EngineMaterials/DefaultDeferredDecalMaterial.uexp" 271
"../../../Engine/Content/EngineMaterials/DefaultDeferredDecalMaterial.uasset" 272
"../../../Engine/Content/Functions/Engine_MaterialFunctions02/Utility/BreakOutFloat2Components.uasset" 273
"../../../Engine/Content/Functions/Engine_MaterialFunctions02/Utility/BreakOutFloat2Components.uexp" 274
"../../../Engine/Content/EngineMaterials/DefaultPostProcessMaterial.uexp" 275
"../../../Engine/Content/EngineMaterials/DefaultPostProcessMaterial.uasset" 276
"../../../Engine/Content/EngineMaterials/FlattenMaterial_VT.uasset" 277
"../../../Engine/Content/EngineMaterials/FlattenMaterial_VT.uexp" 278
"../../../Engine/Content/EngineMaterials/InvalidLightmapSettings.ubulk" 279
"../../../Engine/Content/EngineMaterials/InvalidLightmapSettings.uasset" 280
"../../../Engine/Content/EngineMaterials/InvalidLightmapSettings.uexp" 281
"../../../Engine/Content/EngineMaterials/M_InvalidLightmapSettings.uexp" 282
"../../../Engine/Content/EngineMaterials/M_InvalidLightmapSettings.uasset" 283
"../../../Engine/Content/EngineFonts/RobotoDistanceField.uexp" 284
"../../../Engine/Content/EngineFonts/RobotoDistanceField.uasset" 285
"../../../Engine/Content/EngineMaterials/DefaultTextMaterialOpaque.uexp" 286
"../../../Engine/Content/EngineMaterials/DefaultTextMaterialOpaque.uasset" 287
"../../../Engine/Content/EngineMaterials/DefaultLightFunctionMaterial.uasset" 288
"../../../Engine/Content/EngineMaterials/DefaultLightFunctionMaterial.uexp" 289
"../../../Engine/Plugins/Animation/ControlRig/Content/Controls/ControlRigGizmoMaterial.uasset" 290
"../../../Engine/Plugins/Animation/ControlRig/Content/Controls/ControlRigGizmoMaterial.uexp" 291
"../../../Engine/Plugins/Animation/ControlRig/Content/Controls/ControlRigXRayMaterial.uexp" 292
"../../../Engine/Plugins/Animation/ControlRig/Content/Controls/ControlRigXRayMaterial.uasset" 293
"../../../Engine/Plugins/Editor/SpeedTreeImporter/Content/SpeedTree9/game_wind_noise.uexp" 294
"../../../Engine/Plugins/Editor/SpeedTreeImporter/Content/SpeedTree9/game_wind_noise.uasset" 295
"../../../Engine/Plugins/Editor/SpeedTreeImporter/Content/SpeedTree9/game_wind_noise.ubulk" 296
"../../../Engine/Plugins/Editor/SpeedTreeImporter/Content/SpeedTree9/UnpackDirection.uexp" 297
"../../../Engine/Plugins/Editor/SpeedTreeImporter/Content/SpeedTree9/UnpackDirection.uasset" 298
"../../../Engine/Content/Functions/Engine_MaterialFunctions02/ObjectLocalBounds.uasset" 299
"../../../Engine/Content/Functions/Engine_MaterialFunctions02/ObjectLocalBounds.uexp" 300
"../../../Engine/Content/Functions/Engine_MaterialFunctions02/Utility/BreakOutFloat3Components.uasset" 301
"../../../Engine/Content/Functions/Engine_MaterialFunctions02/Utility/BreakOutFloat3Components.uexp" 302
"../../../Engine/Content/Functions/Engine_MaterialFunctions02/UVs/BoundingBoxBased_0-1_UVW.uexp" 303
"../../../Engine/Content/Functions/Engine_MaterialFunctions02/UVs/BoundingBoxBased_0-1_UVW.uasset" 304
"../../../Engine/Plugins/Editor/SpeedTreeImporter/Content/SpeedTree9/SpeedTreeBillboard.uexp" 305
"../../../Engine/Plugins/Editor/SpeedTreeImporter/Content/SpeedTree9/SpeedTreeBillboard.uasset" 306
"../../../Engine/Content/Functions/Engine_MaterialFunctions02/Utility/VectorLength.uexp" 307
"../../../Engine/Content/Functions/Engine_MaterialFunctions02/Utility/VectorLength.uasset" 308
"../../../Engine/Plugins/Editor/SpeedTreeImporter/Content/SpeedTree9/UnpackInteger3.uexp" 309
"../../../Engine/Plugins/Editor/SpeedTreeImporter/Content/SpeedTree9/UnpackInteger3.uasset" 310
"../../../Engine/Content/Functions/Engine_MaterialFunctions02/WorldPositionOffset/ObjectScale.uexp" 311
"../../../Engine/Content/Functions/Engine_MaterialFunctions02/WorldPositionOffset/ObjectScale.uasset" 312
"../../../Engine/Content/Functions/Engine_MaterialFunctions02/SafeNormalize.uasset" 313
"../../../Engine/Content/Functions/Engine_MaterialFunctions02/SafeNormalize.uexp" 314
"../../../Engine/Plugins/Editor/SpeedTreeImporter/Content/SpeedTree9/SpeedTreeWindMotion.uexp" 315
"../../../Engine/Plugins/Editor/SpeedTreeImporter/Content/SpeedTree9/SpeedTreeWindMotion.uasset" 316
"../../../Engine/Plugins/Editor/SpeedTreeImporter/Content/SpeedTree9/SpeedTreeBranchMotion.uexp" 317
"../../../Engine/Plugins/Editor/SpeedTreeImporter/Content/SpeedTree9/SpeedTreeBranchMotion.uasset" 318
"../../../Engine/Plugins/Editor/SpeedTreeImporter/Content/SpeedTree9/SpeedTreeWind.uasset" 319
"../../../Engine/Plugins/Editor/SpeedTreeImporter/Content/SpeedTree9/SpeedTreeWind.uexp" 320
"../../../Engine/Plugins/Editor/SpeedTreeImporter/Content/SpeedTree9/EmptyNormal.uasset" 321
"../../../Engine/Plugins/Editor/SpeedTreeImporter/Content/SpeedTree9/EmptyNormal.uexp" 322
"../../../Engine/Plugins/Editor/SpeedTreeImporter/Content/SpeedTree9/Empty.uasset" 323
"../../../Engine/Plugins/Editor/SpeedTreeImporter/Content/SpeedTree9/Empty.uexp" 324
"../../../Engine/Plugins/Editor/SpeedTreeImporter/Content/SpeedTree9/SpeedTreeBillboardMaster.uasset" 325
"../../../Engine/Plugins/Editor/SpeedTreeImporter/Content/SpeedTree9/SpeedTreeBillboardMaster.uexp" 326
"../../../Engine/Plugins/Editor/SpeedTreeImporter/Content/SpeedTree9/SpeedTreeCameraFacing.uasset" 327
"../../../Engine/Plugins/Editor/SpeedTreeImporter/Content/SpeedTree9/SpeedTreeCameraFacing.uexp" 328
"../../../Engine/Plugins/Editor/SpeedTreeImporter/Content/SpeedTree9/SpeedTreeMaster.uexp" 329
"../../../Engine/Plugins/Editor/SpeedTreeImporter/Content/SpeedTree9/SpeedTreeMaster.uasset" 330
"../../../Engine/Plugins/Runtime/HairStrands/Content/Materials/HairMeshesDefaultMaterial.uasset" 331
"../../../Engine/Plugins/Runtime/HairStrands/Content/Materials/HairMeshesDefaultMaterial.uexp" 332
"../../../Engine/Plugins/Runtime/HairStrands/Content/Materials/HairDefaultMaterial.uasset" 333
"../../../Engine/Plugins/Runtime/HairStrands/Content/Materials/HairDefaultMaterial.uexp" 334
"../../../Engine/Plugins/Runtime/HairStrands/Content/Materials/HairGroupColors.uexp" 335
"../../../Engine/Plugins/Runtime/HairStrands/Content/Materials/HairGroupColors.uasset" 336
"../../../Engine/Content/Functions/Engine_MaterialFunctions02/Utility/MakeFloat2.uexp" 337
"../../../Engine/Content/Functions/Engine_MaterialFunctions02/Utility/MakeFloat2.uasset" 338
"../../../Engine/Content/Functions/Engine_MaterialFunctions02/Utility/MakeFloat3.uexp" 339
"../../../Engine/Content/Functions/Engine_MaterialFunctions02/Utility/MakeFloat3.uasset" 340
"../../../Engine/Content/EngineMaterials/HairColorMap.uasset" 341
"../../../Engine/Content/EngineMaterials/HairColorMap.uexp" 342
"../../../Engine/Content/EngineMaterials/HairDebugColor.uexp" 343
"../../../Engine/Content/EngineMaterials/HairDebugColor.uasset" 344
"../../../Engine/Plugins/Runtime/HairStrands/Content/Materials/HairDebugMaterial.uexp" 345
"../../../Engine/Plugins/Runtime/HairStrands/Content/Materials/HairDebugMaterial.uasset" 346
"../../../Engine/Plugins/Runtime/HairStrands/Content/Materials/HairCardsDefaultMaterial.uexp" 347
"../../../Engine/Plugins/Runtime/HairStrands/Content/Materials/HairCardsDefaultMaterial.uasset" 348
"../../../Engine/Plugins/Runtime/MeshModelingToolset/Content/Materials/M_DynamicMeshComponentVtxColor.uexp" 349
"../../../Engine/Plugins/Runtime/MeshModelingToolset/Content/Materials/M_DynamicMeshComponentVtxColor.uasset" 350
"../../../Engine/Plugins/Animation/ControlRig/Content/M_Manip.uasset" 351
"../../../Engine/Plugins/Animation/ControlRig/Content/M_Manip.uexp" 352
"../../../Engine/Content/EngineMeshes/Sphere.uexp" 353
"../../../Engine/Content/EngineMeshes/Sphere.uasset" 354
"../../../Engine/Content/EditorMaterials/Camera/CineMat.uasset" 355
"../../../Engine/Content/EditorMaterials/Camera/CineMat.uexp" 356
"../../../Engine/Content/EditorMaterials/Camera/MI_CineMat_Rig.uasset" 357
"../../../Engine/Content/EditorMaterials/Camera/MI_CineMat_Rig.uexp" 358
"../../../Engine/Content/EditorMeshes/Camera/SM_CraneRig_Base.uexp" 359
"../../../Engine/Content/EditorMeshes/Camera/SM_CraneRig_Base.uasset" 360
"../../../Engine/Content/EditorMeshes/Camera/SM_CraneRig_Arm.uexp" 361
"../../../Engine/Content/EditorMeshes/Camera/SM_CraneRig_Arm.uasset" 362
"../../../Engine/Content/EditorMeshes/Camera/SM_CraneRig_Mount.uexp" 363
"../../../Engine/Content/EditorMeshes/Camera/SM_CraneRig_Mount.uasset" 364
"../../../Engine/Content/EditorMeshes/Camera/SM_CraneRig_Body.uasset" 365
"../../../Engine/Content/EditorMeshes/Camera/SM_CraneRig_Body.uexp" 366
"../../../Engine/Content/EditorMeshes/Camera/SM_RailRig_Track.uexp" 367
"../../../Engine/Content/EditorMeshes/Camera/SM_RailRig_Track.uasset" 368
"../../../Engine/Content/EditorMeshes/Camera/SM_RailRig_Mount.uexp" 369
"../../../Engine/Content/EditorMeshes/Camera/SM_RailRig_Mount.uasset" 370
"../../../Engine/Content/EngineMaterials/T_Default_Material_Grid_M.uasset" 371
"../../../Engine/Content/EngineMaterials/T_Default_Material_Grid_M.ubulk" 372
"../../../Engine/Content/EngineMaterials/T_Default_Material_Grid_M.uexp" 373
"../../../Engine/Content/EngineMaterials/T_Default_Material_Grid_N.uasset" 374
"../../../Engine/Content/EngineMaterials/T_Default_Material_Grid_N.uexp" 375
"../../../Engine/Content/EngineMaterials/T_Default_Material_Grid_N.ubulk" 376
"../../../Engine/Content/Functions/Engine_MaterialFunctions01/Opacity/CameraDepthFade.uexp" 377
"../../../Engine/Content/Functions/Engine_MaterialFunctions01/Opacity/CameraDepthFade.uasset" 378
"../../../Engine/Content/EngineMaterials/WorldGridMaterial.uexp" 379
"../../../Engine/Content/EngineMaterials/WorldGridMaterial.uasset" 380
"../../../Engine/Content/ArtTools/RenderToTexture/Meshes/S_1_Unit_Plane.uexp" 381
"../../../Engine/Content/ArtTools/RenderToTexture/Meshes/S_1_Unit_Plane.uasset" 382
"../../../Engine/Content/EngineMaterials/Substrate/GLints/AGlintTex2dArray.uasset" 383
"../../../Engine/Content/EngineMaterials/Substrate/GLints/AGlintTex2dArray.uexp" 384
"../../../Engine/Content/EngineMaterials/Substrate/GLints2/AGlintTex2dArray2.uasset" 385
"../../../Engine/Content/EngineMaterials/Substrate/GLints2/AGlintTex2dArray2.uexp" 386
"../../../Engine/Content/Functions/Engine_MaterialFunctions02/Math/Transform3x3Matrix.uasset" 387
"../../../Engine/Content/Functions/Engine_MaterialFunctions02/Math/Transform3x3Matrix.uexp" 388
"../../../Engine/Plugins/Interchange/Assets/Content/gltf/Textures/T_White_srgb.uasset" 389
"../../../Engine/Plugins/Interchange/Assets/Content/gltf/Textures/T_White_srgb.uexp" 390
"../../../Engine/Plugins/Interchange/Assets/Content/gltf/MaterialFunctions/MF_Specular.uexp" 391
"../../../Engine/Plugins/Interchange/Assets/Content/gltf/MaterialFunctions/MF_Specular.uasset" 392
"../../../Engine/Plugins/Interchange/Assets/Content/gltf/Textures/T_Anisotropy_Direction_Linear.uasset" 393
"../../../Engine/Plugins/Interchange/Assets/Content/gltf/Textures/T_Anisotropy_Direction_Linear.uexp" 394
"../../../Engine/Plugins/Interchange/Assets/Content/gltf/MaterialFunctions/MF_SpecularAnisotropy.uasset" 395
"../../../Engine/Plugins/Interchange/Assets/Content/gltf/MaterialFunctions/MF_SpecularAnisotropy.uexp" 396
"../../../Engine/Plugins/Interchange/Assets/Content/gltf/Textures/T_White_Linear.uexp" 397
"../../../Engine/Plugins/Interchange/Assets/Content/gltf/Textures/T_White_Linear.uasset" 398
"../../../Engine/Plugins/Interchange/Assets/Content/gltf/MaterialFunctions/MF_MetallicRoughness.uexp" 399
"../../../Engine/Plugins/Interchange/Assets/Content/gltf/MaterialFunctions/MF_MetallicRoughness.uasset" 400
"../../../Engine/Plugins/Interchange/Assets/Content/gltf/Textures/T_Generic_N.uasset" 401
"../../../Engine/Plugins/Interchange/Assets/Content/gltf/Textures/T_Generic_N.uexp" 402
"../../../Engine/Plugins/Interchange/Assets/Content/gltf/MaterialFunctions/MF_ScaleNormal.uasset" 403
"../../../Engine/Plugins/Interchange/Assets/Content/gltf/MaterialFunctions/MF_ScaleNormal.uexp" 404
"../../../Engine/Plugins/Interchange/Assets/Content/gltf/MaterialFunctions/MF_BaseColor.uexp" 405
"../../../Engine/Plugins/Interchange/Assets/Content/gltf/MaterialFunctions/MF_BaseColor.uasset" 406
"../../../Engine/Plugins/Interchange/Assets/Content/gltf/MaterialFunctions/MF_Iridescence.uasset" 407
"../../../Engine/Plugins/Interchange/Assets/Content/gltf/MaterialFunctions/MF_Iridescence.uexp" 408
"../../../Engine/Plugins/Interchange/Assets/Content/gltf/MaterialFunctions/MF_Occlusion.uasset" 409
"../../../Engine/Plugins/Interchange/Assets/Content/gltf/MaterialFunctions/MF_Occlusion.uexp" 410
"../../../Engine/Plugins/Interchange/Assets/Content/gltf/MaterialFunctions/MF_IOR.uexp" 411
"../../../Engine/Plugins/Interchange/Assets/Content/gltf/MaterialFunctions/MF_IOR.uasset" 412
"../../../Engine/Plugins/Interchange/Assets/Content/gltf/MaterialFunctions/MF_RotateV2.uasset" 413
"../../../Engine/Plugins/Interchange/Assets/Content/gltf/MaterialFunctions/MF_RotateV2.uexp" 414
"../../../Engine/Plugins/Interchange/Assets/Content/gltf/MaterialFunctions/MF_TransformUVs.uasset" 415
"../../../Engine/Plugins/Interchange/Assets/Content/gltf/MaterialFunctions/MF_TransformUVs.uexp" 416
"../../../Engine/Plugins/Interchange/Assets/Content/gltf/MaterialFunctions/MF_Emissive.uexp" 417
"../../../Engine/Plugins/Interchange/Assets/Content/gltf/MaterialFunctions/MF_Emissive.uasset" 418
"../../../Engine/Plugins/Interchange/Assets/Content/gltf/MaterialFunctions/MF_RotateNormals_TS.uexp" 419
"../../../Engine/Plugins/Interchange/Assets/Content/gltf/MaterialFunctions/MF_RotateNormals_TS.uasset" 420
"../../../Engine/Plugins/Interchange/Assets/Content/gltf/MaterialFunctions/MF_Normals.uasset" 421
"../../../Engine/Plugins/Interchange/Assets/Content/gltf/MaterialFunctions/MF_Normals.uexp" 422
"../../../Engine/Plugins/Interchange/Assets/Content/gltf/MaterialBodies/MF_Default_Body.uasset" 423
"../../../Engine/Plugins/Interchange/Assets/Content/gltf/MaterialBodies/MF_Default_Body.uexp" 424
"../../../Engine/Plugins/Interchange/Assets/Content/gltf/M_Default.uasset" 425
"../../../Engine/Plugins/Interchange/Assets/Content/gltf/M_Default.uexp" 426
"../../../Engine/Plugins/Interchange/Assets/Content/gltf/MaterialInstances/MI_Default_Mask.uasset" 427
"../../../Engine/Plugins/Interchange/Assets/Content/gltf/MaterialInstances/MI_Default_Mask.uexp" 428
"../../../Engine/Content/Functions/Engine_MaterialFunctions02/Math/AddComponents.uexp" 429
"../../../Engine/Content/Functions/Engine_MaterialFunctions02/Math/AddComponents.uasset" 430
"../../../Engine/Plugins/Interchange/Assets/Content/gltf/MaterialFunctions/MF_DiffuseSpecGloss.uasset" 431
"../../../Engine/Plugins/Interchange/Assets/Content/gltf/MaterialFunctions/MF_DiffuseSpecGloss.uexp" 432
"../../../Engine/Plugins/Interchange/Assets/Content/gltf/MaterialFunctions/MF_PerceivedBrightness.uasset" 433
"../../../Engine/Plugins/Interchange/Assets/Content/gltf/MaterialFunctions/MF_PerceivedBrightness.uexp" 434
"../../../Engine/Plugins/Interchange/Assets/Content/gltf/MaterialFunctions/MF_SpecGlossToMetalRoughness.uasset" 435
"../../../Engine/Plugins/Interchange/Assets/Content/gltf/MaterialFunctions/MF_SpecGlossToMetalRoughness.uexp" 436
"../../../Engine/Plugins/Interchange/Assets/Content/gltf/MaterialFunctions/MF_MaxComponentValue.uexp" 437
"../../../Engine/Plugins/Interchange/Assets/Content/gltf/MaterialFunctions/MF_MaxComponentValue.uasset" 438
"../../../Engine/Plugins/Interchange/Assets/Content/gltf/MaterialBodies/MF_SpecularGlossiness_Body.uasset" 439
"../../../Engine/Plugins/Interchange/Assets/Content/gltf/MaterialBodies/MF_SpecularGlossiness_Body.uexp" 440
"../../../Engine/Plugins/Interchange/Assets/Content/gltf/M_SpecularGlossiness.uexp" 441
"../../../Engine/Plugins/Interchange/Assets/Content/gltf/M_SpecularGlossiness.uasset" 442
"../../../Engine/Plugins/Interchange/Assets/Content/gltf/MaterialInstances/MI_SpecularGlossiness_Blend_DS.uasset" 443
"../../../Engine/Plugins/Interchange/Assets/Content/gltf/MaterialInstances/MI_SpecularGlossiness_Blend_DS.uexp" 444
"../../../Engine/Plugins/Interchange/Assets/Content/gltf/MaterialFunctions/MF_Sheen.uasset" 445
"../../../Engine/Plugins/Interchange/Assets/Content/gltf/MaterialFunctions/MF_Sheen.uexp" 446
"../../../Engine/Plugins/Interchange/Assets/Content/gltf/MaterialBodies/MF_Sheen_Body.uexp" 447
"../../../Engine/Plugins/Interchange/Assets/Content/gltf/MaterialBodies/MF_Sheen_Body.uasset" 448
"../../../Engine/Plugins/Interchange/Assets/Content/gltf/M_Sheen.uasset" 449
"../../../Engine/Plugins/Interchange/Assets/Content/gltf/M_Sheen.uexp" 450
"../../../Engine/Plugins/Interchange/Assets/Content/gltf/MaterialInstances/MI_Sheen_Blend.uexp" 451
"../../../Engine/Plugins/Interchange/Assets/Content/gltf/MaterialInstances/MI_Sheen_Blend.uasset" 452
"../../../Engine/Content/Functions/Engine_MaterialFunctions01/Texturing/FlattenNormal.uasset" 453
"../../../Engine/Content/Functions/Engine_MaterialFunctions01/Texturing/FlattenNormal.uexp" 454
"../../../Engine/Plugins/Interchange/Assets/Content/gltf/MaterialFunctions/MF_Clearcoat.uexp" 455
"../../../Engine/Plugins/Interchange/Assets/Content/gltf/MaterialFunctions/MF_Clearcoat.uasset" 456
"../../../Engine/Plugins/Interchange/Assets/Content/gltf/MaterialBodies/MF_ClearCoat_Body.uexp" 457
"../../../Engine/Plugins/Interchange/Assets/Content/gltf/MaterialBodies/MF_ClearCoat_Body.uasset" 458
"../../../Engine/Plugins/Interchange/Assets/Content/gltf/M_ClearCoat.uexp" 459
"../../../Engine/Plugins/Interchange/Assets/Content/gltf/M_ClearCoat.uasset" 460
"../../../Engine/Plugins/Interchange/Assets/Content/gltf/MaterialInstances/MI_ClearCoat_Opaque_DS.uexp" 461
"../../../Engine/Plugins/Interchange/Assets/Content/gltf/MaterialInstances/MI_ClearCoat_Opaque_DS.uasset" 462
"../../../Engine/Plugins/Interchange/Assets/Content/gltf/MaterialInstances/MI_SpecularGlossiness_Blend.uasset" 463
"../../../Engine/Plugins/Interchange/Assets/Content/gltf/MaterialInstances/MI_SpecularGlossiness_Blend.uexp" 464
"../../../Engine/Plugins/Interchange/Assets/Content/gltf/MaterialInstances/MI_Default_Blend_DS.uexp" 465
"../../../Engine/Plugins/Interchange/Assets/Content/gltf/MaterialInstances/MI_Default_Blend_DS.uasset" 466
"../../../Engine/Plugins/Interchange/Assets/Content/gltf/MaterialInstances/MI_Default_Opaque.uexp" 467
"../../../Engine/Plugins/Interchange/Assets/Content/gltf/MaterialInstances/MI_Default_Opaque.uasset" 468
"../../../Engine/Plugins/Interchange/Assets/Content/gltf/MaterialInstances/MI_Default_Blend.uasset" 469
"../../../Engine/Plugins/Interchange/Assets/Content/gltf/MaterialInstances/MI_Default_Blend.uexp" 470
"../../../Engine/Plugins/Interchange/Assets/Content/gltf/MaterialInstances/MI_ClearCoat_Blend.uexp" 471
"../../../Engine/Plugins/Interchange/Assets/Content/gltf/MaterialInstances/MI_ClearCoat_Blend.uasset" 472
"../../../Engine/Plugins/Interchange/Assets/Content/gltf/MaterialBodies/MF_Unlit_Body.uasset" 473
"../../../Engine/Plugins/Interchange/Assets/Content/gltf/MaterialBodies/MF_Unlit_Body.uexp" 474
"../../../Engine/Plugins/Interchange/Assets/Content/gltf/M_Unlit.uasset" 475
"../../../Engine/Plugins/Interchange/Assets/Content/gltf/M_Unlit.uexp" 476
"../../../Engine/Plugins/Interchange/Assets/Content/gltf/MaterialInstances/MI_Unlit_Opaque_DS.uexp" 477
"../../../Engine/Plugins/Interchange/Assets/Content/gltf/MaterialInstances/MI_Unlit_Opaque_DS.uasset" 478
"../../../Engine/Plugins/Interchange/Assets/Content/gltf/MaterialInstances/MI_Sheen_Mask_DS.uasset" 479
"../../../Engine/Plugins/Interchange/Assets/Content/gltf/MaterialInstances/MI_Sheen_Mask_DS.uexp" 480
"../../../Engine/Plugins/Interchange/Assets/Content/gltf/MaterialInstances/MI_Sheen_Opaque.uasset" 481
"../../../Engine/Plugins/Interchange/Assets/Content/gltf/MaterialInstances/MI_Sheen_Opaque.uexp" 482
"../../../Engine/Plugins/Interchange/Assets/Content/gltf/MaterialInstances/MI_Default_Mask_DS.uexp" 483
"../../../Engine/Plugins/Interchange/Assets/Content/gltf/MaterialInstances/MI_Default_Mask_DS.uasset" 484
"../../../Engine/Plugins/Interchange/Assets/Content/gltf/MaterialInstances/MI_Default_Opaque_DS.uexp" 485
"../../../Engine/Plugins/Interchange/Assets/Content/gltf/MaterialInstances/MI_Default_Opaque_DS.uasset" 486
"../../../Engine/Plugins/Interchange/Assets/Content/gltf/MaterialInstances/MI_Unlit_Blend.uasset" 487
"../../../Engine/Plugins/Interchange/Assets/Content/gltf/MaterialInstances/MI_Unlit_Blend.uexp" 488
"../../../Engine/Plugins/Interchange/Assets/Content/gltf/MaterialInstances/MI_Sheen_Mask.uexp" 489
"../../../Engine/Plugins/Interchange/Assets/Content/gltf/MaterialInstances/MI_Sheen_Mask.uasset" 490
"../../../Engine/Plugins/Interchange/Assets/Content/gltf/MaterialInstances/MI_Unlit_Mask_DS.uasset" 491
"../../../Engine/Plugins/Interchange/Assets/Content/gltf/MaterialInstances/MI_Unlit_Mask_DS.uexp" 492
"../../../Engine/Plugins/Interchange/Assets/Content/gltf/MaterialInstances/MI_Sheen_Opaque_DS.uasset" 493
"../../../Engine/Plugins/Interchange/Assets/Content/gltf/MaterialInstances/MI_Sheen_Opaque_DS.uexp" 494
"../../../Engine/Plugins/Interchange/Assets/Content/gltf/MaterialInstances/MI_SpecularGlossiness_Mask.uexp" 495
"../../../Engine/Plugins/Interchange/Assets/Content/gltf/MaterialInstances/MI_SpecularGlossiness_Mask.uasset" 496
"../../../Engine/Plugins/Interchange/Assets/Content/gltf/MaterialInstances/MI_ClearCoat_Mask_DS.uexp" 497
"../../../Engine/Plugins/Interchange/Assets/Content/gltf/MaterialInstances/MI_ClearCoat_Mask_DS.uasset" 498
"../../../Engine/Plugins/Interchange/Assets/Content/gltf/MaterialInstances/MI_SpecularGlossiness_Opaque.uasset" 499
"../../../Engine/Plugins/Interchange/Assets/Content/gltf/MaterialInstances/MI_SpecularGlossiness_Opaque.uexp" 500
"../../../Engine/Plugins/Interchange/Assets/Content/gltf/MaterialInstances/MI_Unlit_Blend_DS.uexp" 501
"../../../Engine/Plugins/Interchange/Assets/Content/gltf/MaterialInstances/MI_Unlit_Blend_DS.uasset" 502
"../../../Engine/Plugins/Interchange/Assets/Content/gltf/MaterialInstances/MI_SpecularGlossiness_Opaque_DS.uexp" 503
"../../../Engine/Plugins/Interchange/Assets/Content/gltf/MaterialInstances/MI_SpecularGlossiness_Opaque_DS.uasset" 504
"../../../Engine/Content/EngineMaterials/Good64x64TilingNoiseHighFreq.uasset" 505
"../../../Engine/Content/EngineMaterials/Good64x64TilingNoiseHighFreq.uexp" 506
"../../../Engine/Content/Functions/Engine_MaterialFunctions02/Texturing/ScreenAlignedPixelToPixelUVs.uasset" 507
"../../../Engine/Content/Functions/Engine_MaterialFunctions02/Texturing/ScreenAlignedPixelToPixelUVs.uexp" 508
"../../../Engine/Plugins/Interchange/Assets/Content/gltf/MaterialFunctions/MF_Temporal_Blur.uexp" 509
"../../../Engine/Plugins/Interchange/Assets/Content/gltf/MaterialFunctions/MF_Temporal_Blur.uasset" 510
"../../../Engine/Plugins/Interchange/Assets/Content/gltf/MaterialFunctions/MF_Fresnel_DS.uexp" 511
"../../../Engine/Plugins/Interchange/Assets/Content/gltf/MaterialFunctions/MF_Fresnel_DS.uasset" 512
"../../../Engine/Plugins/Interchange/Assets/Content/gltf/MaterialFunctions/MF_Transmission.uasset" 513
"../../../Engine/Plugins/Interchange/Assets/Content/gltf/MaterialFunctions/MF_Transmission.uexp" 514
"../../../Engine/Plugins/Interchange/Assets/Content/gltf/MaterialBodies/MF_Transmission_Body.uasset" 515
"../../../Engine/Plugins/Interchange/Assets/Content/gltf/MaterialBodies/MF_Transmission_Body.uexp" 516
"../../../Engine/Plugins/Interchange/Assets/Content/gltf/M_Transmission.uasset" 517
"../../../Engine/Plugins/Interchange/Assets/Content/gltf/M_Transmission.uexp" 518
"../../../Engine/Plugins/Interchange/Assets/Content/gltf/MaterialInstances/MI_Transmission_DS.uexp" 519
"../../../Engine/Plugins/Interchange/Assets/Content/gltf/MaterialInstances/MI_Transmission_DS.uasset" 520
"../../../Engine/Plugins/Interchange/Assets/Content/gltf/MaterialInstances/MI_ClearCoat_Opaque.uexp" 521
"../../../Engine/Plugins/Interchange/Assets/Content/gltf/MaterialInstances/MI_ClearCoat_Opaque.uasset" 522
"../../../Engine/Plugins/Interchange/Assets/Content/gltf/MaterialInstances/MI_Unlit_Opaque.uexp" 523
"../../../Engine/Plugins/Interchange/Assets/Content/gltf/MaterialInstances/MI_Unlit_Opaque.uasset" 524
"../../../Engine/Plugins/Interchange/Assets/Content/gltf/MaterialInstances/MI_Unlit_Mask.uasset" 525
"../../../Engine/Plugins/Interchange/Assets/Content/gltf/MaterialInstances/MI_Unlit_Mask.uexp" 526
"../../../Engine/Plugins/Interchange/Assets/Content/gltf/MaterialInstances/MI_SpecularGlossiness_Mask_DS.uexp" 527
"../../../Engine/Plugins/Interchange/Assets/Content/gltf/MaterialInstances/MI_SpecularGlossiness_Mask_DS.uasset" 528
"../../../Engine/Plugins/Interchange/Assets/Content/gltf/MaterialInstances/MI_ClearCoat_Blend_DS.uexp" 529
"../../../Engine/Plugins/Interchange/Assets/Content/gltf/MaterialInstances/MI_ClearCoat_Blend_DS.uasset" 530
"../../../Engine/Plugins/Interchange/Assets/Content/gltf/MaterialInstances/MI_Transmission.uexp" 531
"../../../Engine/Plugins/Interchange/Assets/Content/gltf/MaterialInstances/MI_Transmission.uasset" 532
"../../../Engine/Plugins/Interchange/Assets/Content/gltf/MaterialInstances/MI_ClearCoat_Mask.uexp" 533
"../../../Engine/Plugins/Interchange/Assets/Content/gltf/MaterialInstances/MI_ClearCoat_Mask.uasset" 534
"../../../Engine/Plugins/Interchange/Assets/Content/gltf/MaterialInstances/MI_Sheen_Blend_DS.uexp" 535
"../../../Engine/Plugins/Interchange/Assets/Content/gltf/MaterialInstances/MI_Sheen_Blend_DS.uasset" 536
"../../../Engine/Content/VREditor/LaserPointer/VR_LaserPower_01.uexp" 537
"../../../Engine/Content/VREditor/LaserPointer/VR_LaserPower_01.ubulk" 538
"../../../Engine/Content/VREditor/LaserPointer/VR_LaserPower_01.uasset" 539
"../../../Engine/Content/VREditor/TransformGizmo/TransformGizmoMaterial.uasset" 540
"../../../Engine/Content/VREditor/TransformGizmo/TransformGizmoMaterial.uexp" 541
"../../../Engine/Content/VREditor/TransformGizmo/TranslucentTransformGizmoMaterial.uasset" 542
"../../../Engine/Content/VREditor/TransformGizmo/TranslucentTransformGizmoMaterial.uexp" 543
"../../../Engine/Content/VREditor/TransformGizmo/BoundingBoxCorner.uasset" 544
"../../../Engine/Content/VREditor/TransformGizmo/BoundingBoxCorner.uexp" 545
"../../../Engine/Content/VREditor/TransformGizmo/Main.uasset" 546
"../../../Engine/Content/VREditor/TransformGizmo/Main.uexp" 547
"../../../Engine/Content/VREditor/TransformGizmo/Xray.uexp" 548
"../../../Engine/Content/VREditor/TransformGizmo/Xray.uasset" 549
"../../../Engine/Content/VREditor/TransformGizmo/SM_Sequencer_Node.uexp" 550
"../../../Engine/Content/VREditor/TransformGizmo/SM_Sequencer_Node.uasset" 551
"../../../Engine/Content/VREditor/TransformGizmo/BoundingBoxEdge.uexp" 552
"../../../Engine/Content/VREditor/TransformGizmo/BoundingBoxEdge.uasset" 553
"../../../Engine/Content/EngineSky/VolumetricClouds/T_CloudMask.uasset" 554
"../../../Engine/Content/EngineSky/VolumetricClouds/T_CloudMask.uexp" 555
"../../../Engine/Content/EngineSky/VolumetricClouds/T_CloudMask.ubulk" 556
"../../../Engine/Content/EngineSky/VolumetricClouds/VT_Lightning.uexp" 557
"../../../Engine/Content/EngineSky/VolumetricClouds/VT_Lightning.uasset" 558
"../../../Engine/Content/EngineSky/VolumetricClouds/T_Profile_08.uasset" 559
"../../../Engine/Content/EngineSky/VolumetricClouds/T_Profile_08.uexp" 560
"../../../Engine/Content/EngineSky/VolumetricClouds/T_Profile_08.ubulk" 561
"../../../Engine/Content/Functions/Engine_MaterialFunctions02/Utility/MakeFloat4.uexp" 562
"../../../Engine/Content/Functions/Engine_MaterialFunctions02/Utility/MakeFloat4.uasset" 563
"../../../Engine/Content/Functions/Engine_MaterialFunctions01/Units/Km-to-Cm.uasset" 564
"../../../Engine/Content/Functions/Engine_MaterialFunctions01/Units/Km-to-Cm.uexp" 565
"../../../Engine/Content/Functions/Engine_MaterialFunctions02/Utility/BreakOutFloat4Components.uasset" 566
"../../../Engine/Content/Functions/Engine_MaterialFunctions02/Utility/BreakOutFloat4Components.uexp" 567
"../../../Engine/Content/EngineSky/VolumetricClouds/T_CloudPattern.ubulk" 568
"../../../Engine/Content/EngineSky/VolumetricClouds/T_CloudPattern.uexp" 569
"../../../Engine/Content/EngineSky/VolumetricClouds/T_CloudPattern.uasset" 570
"../../../Engine/Content/EngineSky/VolumetricClouds/VT_PerlinWorley_Balanced.uexp" 571
"../../../Engine/Content/EngineSky/VolumetricClouds/VT_PerlinWorley_Balanced.uasset" 572
"../../../Engine/Content/EngineSky/VolumetricClouds/m_SimpleVolumetricCloud.uasset" 573
"../../../Engine/Content/EngineSky/VolumetricClouds/m_SimpleVolumetricCloud.uexp" 574
"../../../Engine/Content/EngineSky/VolumetricClouds/m_SimpleVolumetricCloud_Inst.uexp" 575
"../../../Engine/Content/EngineSky/VolumetricClouds/m_SimpleVolumetricCloud_Inst.uasset" 576
"../../../Engine/Content/EngineMaterials/DefaultMaterial.uasset" 577
"../../../Engine/Content/EngineMaterials/DefaultMaterial.uexp" 578
"../../../Engine/Content/BasicShapes/Cone.uexp" 579
"../../../Engine/Content/BasicShapes/Cone.uasset" 580
"../../../Engine/Content/BasicShapes/Cube.uasset" 581
"../../../Engine/Content/BasicShapes/Cube.uexp" 582
"../../../Engine/Content/BasicShapes/Cylinder.uasset" 583
"../../../Engine/Content/BasicShapes/Cylinder.uexp" 584
"../../../Engine/Content/BasicShapes/Plane.uasset" 585
"../../../Engine/Content/BasicShapes/Plane.uexp" 586
"../../../Engine/Content/BasicShapes/Sphere.uexp" 587
"../../../Engine/Content/BasicShapes/Sphere.uasset" 588
"../../../Engine/Content/EditorLandscapeResources/SplineEditorMeshMat.uasset" 589
"../../../Engine/Content/EditorLandscapeResources/SplineEditorMeshMat.uexp" 590
"../../../Engine/Content/EditorLandscapeResources/SplineEditorMesh.uasset" 591
"../../../Engine/Content/EditorLandscapeResources/SplineEditorMesh.uexp" 592
"../../../Engine/Content/EngineResources/WhiteSquareTexture.uexp" 593
"../../../Engine/Content/EngineResources/WhiteSquareTexture.uasset" 594
"../../../Engine/Content/EngineMaterials/Widget3DPassThrough.uexp" 595
"../../../Engine/Content/EngineMaterials/Widget3DPassThrough.uasset" 596
"../../../Engine/Content/EngineMaterials/Widget3DPassThrough_Masked.uasset" 597
"../../../Engine/Content/EngineMaterials/Widget3DPassThrough_Masked.uexp" 598
"../../../Engine/Content/EngineMaterials/Widget3DPassThrough_Translucent.uasset" 599
"../../../Engine/Content/EngineMaterials/Widget3DPassThrough_Translucent.uexp" 600
"../../../Engine/Content/EngineMaterials/Widget3DPassThrough_Translucent_OneSided.uasset" 601
"../../../Engine/Content/EngineMaterials/Widget3DPassThrough_Translucent_OneSided.uexp" 602
"../../../Engine/Content/EngineMaterials/Widget3DPassThrough_Opaque.uasset" 603
"../../../Engine/Content/EngineMaterials/Widget3DPassThrough_Opaque.uexp" 604
"../../../Engine/Content/EngineMaterials/Widget3DPassThrough_Masked_OneSided.uexp" 605
"../../../Engine/Content/EngineMaterials/Widget3DPassThrough_Masked_OneSided.uasset" 606
"../../../Engine/Content/EngineMaterials/Widget3DPassThrough_Opaque_OneSided.uasset" 607
"../../../Engine/Content/EngineMaterials/Widget3DPassThrough_Opaque_OneSided.uexp" 608
"../../../Engine/Content/EngineMaterials/WeightMapPlaceholderTexture.uasset" 609
"../../../Engine/Content/EngineMaterials/WeightMapPlaceholderTexture.uexp" 610
"../../../Engine/Content/EngineMaterials/WeightMapArrayPlaceholderTexture.uasset" 611
"../../../Engine/Content/EngineMaterials/WeightMapArrayPlaceholderTexture.uexp" 612
"../../../Engine/Content/VREditor/TransformGizmo/StartRotationHandleIndicator.uexp" 613
"../../../Engine/Content/VREditor/TransformGizmo/StartRotationHandleIndicator.uasset" 614
"../../../Engine/Content/VREditor/Sounds/UI/Drop_Item_From_ContentBrowser.ubulk" 615
"../../../Engine/Content/VREditor/Sounds/UI/Drop_Item_From_ContentBrowser.uasset" 616
"../../../Engine/Content/VREditor/Sounds/UI/Drop_Item_From_ContentBrowser.uexp" 617
"../../../Engine/Content/VREditor/TransformGizmo/PlaneTranslationHandle.uasset" 618
"../../../Engine/Content/VREditor/TransformGizmo/PlaneTranslationHandle.uexp" 619
"../../../Engine/Content/VREditor/Sounds/UI/Object_Snaps_To_Grid.ubulk" 620
"../../../Engine/Content/VREditor/Sounds/UI/Object_Snaps_To_Grid.uasset" 621
"../../../Engine/Content/VREditor/Sounds/UI/Object_Snaps_To_Grid.uexp" 622
"../../../Engine/Content/VREditor/Sounds/UI/Selection_Changes.ubulk" 623
"../../../Engine/Content/VREditor/Sounds/UI/Selection_Changes.uasset" 624
"../../../Engine/Content/VREditor/Sounds/UI/Selection_Changes.uexp" 625
"../../../Engine/Content/VREditor/Sounds/UI/Object_Snaps_To_Another_Actor.uasset" 626
"../../../Engine/Content/VREditor/Sounds/UI/Object_Snaps_To_Another_Actor.ubulk" 627
"../../../Engine/Content/VREditor/Sounds/UI/Object_Snaps_To_Another_Actor.uexp" 628
"../../../Engine/Content/VREditor/TransformGizmo/TranslucentTransformGizmoMaterial_Inst.uexp" 629
"../../../Engine/Content/VREditor/TransformGizmo/TranslucentTransformGizmoMaterial_Inst.uasset" 630
"../../../Engine/Content/VREditor/TransformGizmo/TransformGizmoFreeRotation.uasset" 631
"../../../Engine/Content/VREditor/TransformGizmo/TransformGizmoFreeRotation.uexp" 632
"../../../Engine/Content/VREditor/Sounds/UI/Scaling_Down.ubulk" 633
"../../../Engine/Content/VREditor/Sounds/UI/Scaling_Down.uexp" 634
"../../../Engine/Content/VREditor/Sounds/UI/Scaling_Down.uasset" 635
"../../../Engine/Content/Functions/Engine_MaterialFunctions02/SplitComponents.uasset" 636
"../../../Engine/Content/Functions/Engine_MaterialFunctions02/SplitComponents.uexp" 637
"../../../Engine/Content/VREditor/SnapGrid/SnapGridMaterial.uasset" 638
"../../../Engine/Content/VREditor/SnapGrid/SnapGridMaterial.uexp" 639
"../../../Engine/Content/VREditor/SnapGrid/SnapGridPlaneMesh.uexp" 640
"../../../Engine/Content/VREditor/SnapGrid/SnapGridPlaneMesh.uasset" 641
"../../../Engine/Content/VREditor/Sounds/UI/Scaling_Up.ubulk" 642
"../../../Engine/Content/VREditor/Sounds/UI/Scaling_Up.uasset" 643
"../../../Engine/Content/VREditor/Sounds/UI/Scaling_Up.uexp" 644
"../../../Engine/Content/VREditor/TransformGizmo/TransformGizmoMaterial_Inst.uexp" 645
"../../../Engine/Content/VREditor/TransformGizmo/TransformGizmoMaterial_Inst.uasset" 646
"../../../Engine/Content/VREditor/Sounds/UI/Gizmo_Handle_Clicked.uasset" 647
"../../../Engine/Content/VREditor/Sounds/UI/Gizmo_Handle_Clicked.uexp" 648
"../../../Engine/Content/VREditor/Sounds/UI/Gizmo_Handle_Clicked.ubulk" 649
"../../../Engine/Content/VREditor/TransformGizmo/RotationHandleQuarter.uasset" 650
"../../../Engine/Content/VREditor/TransformGizmo/RotationHandleQuarter.uexp" 651
"../../../Engine/Content/VREditor/TransformGizmo/TranslateArrowHandle.uasset" 652
"../../../Engine/Content/VREditor/TransformGizmo/TranslateArrowHandle.uexp" 653
"../../../Engine/Content/VREditor/TransformGizmo/RotationHandleIndicator.uexp" 654
"../../../Engine/Content/VREditor/TransformGizmo/RotationHandleIndicator.uasset" 655
"../../../Engine/Content/VREditor/TransformGizmo/UniformScaleHandle.uasset" 656
"../../../Engine/Content/VREditor/TransformGizmo/UniformScaleHandle.uexp" 657
"../../../Engine/Content/VREditor/TransformGizmo/RotationHandleFull.uexp" 658
"../../../Engine/Content/VREditor/TransformGizmo/RotationHandleFull.uasset" 659
"../../../Engine/Content/VREditor/Sounds/UI/Object_PickUp.ubulk" 660
"../../../Engine/Content/VREditor/Sounds/UI/Object_PickUp.uexp" 661
"../../../Engine/Content/VREditor/Sounds/UI/Object_PickUp.uasset" 662
"../../../Engine/Plugins/Animation/ControlRig/Content/Controls/ControlRig_RoundedTriangle_1mm.uasset" 663
"../../../Engine/Plugins/Animation/ControlRig/Content/Controls/ControlRig_RoundedTriangle_1mm.uexp" 664
"../../../Engine/Plugins/Animation/ControlRig/Content/Controls/ControlRig_Circle_3mm.uasset" 665
"../../../Engine/Plugins/Animation/ControlRig/Content/Controls/ControlRig_Circle_3mm.uexp" 666
"../../../Engine/Plugins/Animation/ControlRig/Content/Controls/ControlRig_QuarterCircle_1mm.uasset" 667
"../../../Engine/Plugins/Animation/ControlRig/Content/Controls/ControlRig_QuarterCircle_1mm.uexp" 668
"../../../Engine/Plugins/Animation/ControlRig/Content/Controls/ControlRig_Pyramid_1mm.uasset" 669
"../../../Engine/Plugins/Animation/ControlRig/Content/Controls/ControlRig_Pyramid_1mm.uexp" 670
"../../../Engine/Plugins/Animation/ControlRig/Content/Controls/ControlRig_Arrow4_1mm.uasset" 671
"../../../Engine/Plugins/Animation/ControlRig/Content/Controls/ControlRig_Arrow4_1mm.uexp" 672
"../../../Engine/Plugins/Animation/ControlRig/Content/Controls/ControlRig_Square_solid.uasset" 673
"../../../Engine/Plugins/Animation/ControlRig/Content/Controls/ControlRig_Square_solid.uexp" 674
"../../../Engine/Plugins/Animation/ControlRig/Content/Controls/ControlRig_Diamond_3mm.uasset" 675
"../../../Engine/Plugins/Animation/ControlRig/Content/Controls/ControlRig_Diamond_3mm.uexp" 676
"../../../Engine/Plugins/Animation/ControlRig/Content/Controls/ControlRig_Arrow_3mm.uasset" 677
"../../../Engine/Plugins/Animation/ControlRig/Content/Controls/ControlRig_Arrow_3mm.uexp" 678
"../../../Engine/Plugins/Animation/ControlRig/Content/Controls/ControlRig_Hexagon_3mm.uasset" 679
"../../../Engine/Plugins/Animation/ControlRig/Content/Controls/ControlRig_Hexagon_3mm.uexp" 680
"../../../Engine/Plugins/Animation/ControlRig/Content/Controls/ControlRig_Sphere_solid.uasset" 681
"../../../Engine/Plugins/Animation/ControlRig/Content/Controls/ControlRig_Sphere_solid.uexp" 682
"../../../Engine/Plugins/Animation/ControlRig/Content/Controls/ControlRig_Square_3mm.uexp" 683
"../../../Engine/Plugins/Animation/ControlRig/Content/Controls/ControlRig_Square_3mm.uasset" 684
"../../../Engine/Plugins/Animation/ControlRig/Content/Controls/ControlRig_Star4_3mm.uexp" 685
"../../../Engine/Plugins/Animation/ControlRig/Content/Controls/ControlRig_Star4_3mm.uasset" 686
"../../../Engine/Plugins/Animation/ControlRig/Content/Controls/ControlRig_RoundedSquare_3mm.uasset" 687
"../../../Engine/Plugins/Animation/ControlRig/Content/Controls/ControlRig_RoundedSquare_3mm.uexp" 688
"../../../Engine/Plugins/Animation/ControlRig/Content/Controls/ControlRig_Wedge_1mm.uasset" 689
"../../../Engine/Plugins/Animation/ControlRig/Content/Controls/ControlRig_Wedge_1mm.uexp" 690
"../../../Engine/Plugins/Animation/ControlRig/Content/Controls/ControlRig_HalfCircle_3mm.uexp" 691
"../../../Engine/Plugins/Animation/ControlRig/Content/Controls/ControlRig_HalfCircle_3mm.uasset" 692
"../../../Engine/Plugins/Animation/ControlRig/Content/Controls/ControlRig_RoundedTriangle_solid.uasset" 693
"../../../Engine/Plugins/Animation/ControlRig/Content/Controls/ControlRig_RoundedTriangle_solid.uexp" 694
"../../../Engine/Plugins/Animation/ControlRig/Content/Controls/ControlRig_Triangle_1mm.uexp" 695
"../../../Engine/Plugins/Animation/ControlRig/Content/Controls/ControlRig_Triangle_1mm.uasset" 696
"../../../Engine/Plugins/Animation/ControlRig/Content/Controls/ControlRig_Sphere_3mm.uexp" 697
"../../../Engine/Plugins/Animation/ControlRig/Content/Controls/ControlRig_Sphere_3mm.uasset" 698
"../../../Engine/Plugins/Animation/ControlRig/Content/Controls/ControlRig_Octagon_1mm.uasset" 699
"../../../Engine/Plugins/Animation/ControlRig/Content/Controls/ControlRig_Octagon_1mm.uexp" 700
"../../../Engine/Plugins/Animation/ControlRig/Content/Controls/ControlRig_Box_1mm.uexp" 701
"../../../Engine/Plugins/Animation/ControlRig/Content/Controls/ControlRig_Box_1mm.uasset" 702
"../../../Engine/Plugins/Animation/ControlRig/Content/Controls/ControlRig_Arrow2_3mm.uasset" 703
"../../../Engine/Plugins/Animation/ControlRig/Content/Controls/ControlRig_Arrow2_3mm.uexp" 704
"../../../Engine/Plugins/Animation/ControlRig/Content/Controls/ControlRig_Diamond_solid.uexp" 705
"../../../Engine/Plugins/Animation/ControlRig/Content/Controls/ControlRig_Diamond_solid.uasset" 706
"../../../Engine/Plugins/Animation/ControlRig/Content/Controls/ControlRig_Star4_solid.uexp" 707
"../../../Engine/Plugins/Animation/ControlRig/Content/Controls/ControlRig_Star4_solid.uasset" 708
"../../../Engine/Plugins/Animation/ControlRig/Content/Controls/ControlRig_RoundedSquare_solid.uexp" 709
"../../../Engine/Plugins/Animation/ControlRig/Content/Controls/ControlRig_RoundedSquare_solid.uasset" 710
"../../../Engine/Plugins/Animation/ControlRig/Content/Controls/ControlRig_Arrow4_solid.uasset" 711
"../../../Engine/Plugins/Animation/ControlRig/Content/Controls/ControlRig_Arrow4_solid.uexp" 712
"../../../Engine/Plugins/Animation/ControlRig/Content/Controls/ControlRig_Circle_solid.uexp" 713
"../../../Engine/Plugins/Animation/ControlRig/Content/Controls/ControlRig_Circle_solid.uasset" 714
"../../../Engine/Plugins/Animation/ControlRig/Content/Controls/ControlRig_Square_1mm.uexp" 715
"../../../Engine/Plugins/Animation/ControlRig/Content/Controls/ControlRig_Square_1mm.uasset" 716
"../../../Engine/Plugins/Animation/ControlRig/Content/Controls/ControlRig_Arrow_1mm.uexp" 717
"../../../Engine/Plugins/Animation/ControlRig/Content/Controls/ControlRig_Arrow_1mm.uasset" 718
"../../../Engine/Plugins/Animation/ControlRig/Content/Controls/ControlRig_QuarterCircle_solid.uasset" 719
"../../../Engine/Plugins/Animation/ControlRig/Content/Controls/ControlRig_QuarterCircle_solid.uexp" 720
"../../../Engine/Plugins/Animation/ControlRig/Content/Controls/ControlRig_Hexagon_1mm.uexp" 721
"../../../Engine/Plugins/Animation/ControlRig/Content/Controls/ControlRig_Hexagon_1mm.uasset" 722
"../../../Engine/Plugins/Animation/ControlRig/Content/Controls/ControlRig_Arrow4_3mm.uasset" 723
"../../../Engine/Plugins/Animation/ControlRig/Content/Controls/ControlRig_Arrow4_3mm.uexp" 724
"../../../Engine/Plugins/Animation/ControlRig/Content/Controls/ControlRig_Arrow2_solid.uexp" 725
"../../../Engine/Plugins/Animation/ControlRig/Content/Controls/ControlRig_Arrow2_solid.uasset" 726
"../../../Engine/Plugins/Animation/ControlRig/Content/Controls/ControlRig_Diamond_1mm.uexp" 727
"../../../Engine/Plugins/Animation/ControlRig/Content/Controls/ControlRig_Diamond_1mm.uasset" 728
"../../../Engine/Plugins/Animation/ControlRig/Content/Controls/ControlRig_Triangle_solid.uasset" 729
"../../../Engine/Plugins/Animation/ControlRig/Content/Controls/ControlRig_Triangle_solid.uexp" 730
"../../../Engine/Plugins/Animation/ControlRig/Content/Controls/ControlRig_RoundedTriangle_3mm.uexp" 731
"../../../Engine/Plugins/Animation/ControlRig/Content/Controls/ControlRig_RoundedTriangle_3mm.uasset" 732
"../../../Engine/Plugins/Animation/ControlRig/Content/Controls/ControlRig_Circle_1mm.uexp" 733
"../../../Engine/Plugins/Animation/ControlRig/Content/Controls/ControlRig_Circle_1mm.uasset" 734
"../../../Engine/Plugins/Animation/ControlRig/Content/Controls/ControlRig_QuarterCircle_3mm.uexp" 735
"../../../Engine/Plugins/Animation/ControlRig/Content/Controls/ControlRig_QuarterCircle_3mm.uasset" 736
"../../../Engine/Plugins/Animation/ControlRig/Content/Controls/ControlRig_Pyramid_3mm.uasset" 737
"../../../Engine/Plugins/Animation/ControlRig/Content/Controls/ControlRig_Pyramid_3mm.uexp" 738
"../../../Engine/Plugins/Animation/ControlRig/Content/Controls/ControlRig_Sphere_1mm.uexp" 739
"../../../Engine/Plugins/Animation/ControlRig/Content/Controls/ControlRig_Sphere_1mm.uasset" 740
"../../../Engine/Plugins/Animation/ControlRig/Content/Controls/ControlRig_Box_3mm.uexp" 741
"../../../Engine/Plugins/Animation/ControlRig/Content/Controls/ControlRig_Box_3mm.uasset" 742
"../../../Engine/Plugins/Animation/ControlRig/Content/Controls/ControlRig_Octagon_3mm.uexp" 743
"../../../Engine/Plugins/Animation/ControlRig/Content/Controls/ControlRig_Octagon_3mm.uasset" 744
"../../../Engine/Plugins/Animation/ControlRig/Content/Controls/ControlRig_Arrow2_1mm.uexp" 745
"../../../Engine/Plugins/Animation/ControlRig/Content/Controls/ControlRig_Arrow2_1mm.uasset" 746
"../../../Engine/Plugins/Animation/ControlRig/Content/Controls/ControlRig_HalfCircle_solid.uexp" 747
"../../../Engine/Plugins/Animation/ControlRig/Content/Controls/ControlRig_HalfCircle_solid.uasset" 748
"../../../Engine/Plugins/Animation/ControlRig/Content/Controls/ControlRig_HalfCircle_1mm.uexp" 749
"../../../Engine/Plugins/Animation/ControlRig/Content/Controls/ControlRig_HalfCircle_1mm.uasset" 750
"../../../Engine/Plugins/Animation/ControlRig/Content/Controls/ControlRig_Wedge_3mm.uasset" 751
"../../../Engine/Plugins/Animation/ControlRig/Content/Controls/ControlRig_Wedge_3mm.uexp" 752
"../../../Engine/Plugins/Animation/ControlRig/Content/Controls/ControlRig_Box_solid.uasset" 753
"../../../Engine/Plugins/Animation/ControlRig/Content/Controls/ControlRig_Box_solid.uexp" 754
"../../../Engine/Plugins/Animation/ControlRig/Content/Controls/ControlRig_Triangle_3mm.uexp" 755
"../../../Engine/Plugins/Animation/ControlRig/Content/Controls/ControlRig_Triangle_3mm.uasset" 756
"../../../Engine/Plugins/Animation/ControlRig/Content/Controls/ControlRig_Arrow_solid.uexp" 757
"../../../Engine/Plugins/Animation/ControlRig/Content/Controls/ControlRig_Arrow_solid.uasset" 758
"../../../Engine/Plugins/Animation/ControlRig/Content/Controls/ControlRig_Hexagon_solid.uexp" 759
"../../../Engine/Plugins/Animation/ControlRig/Content/Controls/ControlRig_Hexagon_solid.uasset" 760
"../../../Engine/Plugins/Animation/ControlRig/Content/Controls/ControlRig_Star4_1mm.uexp" 761
"../../../Engine/Plugins/Animation/ControlRig/Content/Controls/ControlRig_Star4_1mm.uasset" 762
"../../../Engine/Plugins/Animation/ControlRig/Content/Controls/ControlRig_RoundedSquare_1mm.uexp" 763
"../../../Engine/Plugins/Animation/ControlRig/Content/Controls/ControlRig_RoundedSquare_1mm.uasset" 764
"../../../Engine/Plugins/Animation/ControlRig/Content/Controls/ControlRig_Wedge_solid.uexp" 765
"../../../Engine/Plugins/Animation/ControlRig/Content/Controls/ControlRig_Wedge_solid.uasset" 766
"../../../Engine/Plugins/Animation/ControlRig/Content/Controls/ControlRig_Pyramid_solid.uexp" 767
"../../../Engine/Plugins/Animation/ControlRig/Content/Controls/ControlRig_Pyramid_solid.uasset" 768
"../../../Engine/Plugins/Animation/ControlRig/Content/Controls/ControlRig_Octagon_solid.uexp" 769
"../../../Engine/Plugins/Animation/ControlRig/Content/Controls/ControlRig_Octagon_solid.uasset" 770
"../../../Engine/Content/Functions/Engine_MaterialFunctions02/Texturing/CustomRotator.uasset" 771
"../../../Engine/Content/Functions/Engine_MaterialFunctions02/Texturing/CustomRotator.uexp" 772
"../../../Engine/Plugins/Runtime/AudioWidgets/Content/AudioMaterialSlate/Functions/MF_Lines.uasset" 773
"../../../Engine/Plugins/Runtime/AudioWidgets/Content/AudioMaterialSlate/Functions/MF_Lines.uexp" 774
"../../../Engine/Content/Functions/Engine_MaterialFunctions02/Lerp_3Color.uasset" 775
"../../../Engine/Content/Functions/Engine_MaterialFunctions02/Lerp_3Color.uexp" 776
"../../../Engine/Plugins/Runtime/AudioWidgets/Content/AudioMaterialSlate/M_AudioMaterialMeter.uasset" 777
"../../../Engine/Plugins/Runtime/AudioWidgets/Content/AudioMaterialSlate/M_AudioMaterialMeter.uexp" 778
"../../../Engine/Plugins/Runtime/AudioWidgets/Content/AudioMaterialSlate/MI_AudioMaterialMeter.uasset" 779
"../../../Engine/Plugins/Runtime/AudioWidgets/Content/AudioMaterialSlate/MI_AudioMaterialMeter.uexp" 780
"../../../Engine/Content/Functions/Engine_MaterialFunctions01/Texturing/ScaleUVsByCenter.uexp" 781
"../../../Engine/Content/Functions/Engine_MaterialFunctions01/Texturing/ScaleUVsByCenter.uasset" 782
"../../../Engine/Plugins/Runtime/AudioWidgets/Content/AudioMaterialSlate/Functions/MF_SingleLine_Smooth.uasset" 783
"../../../Engine/Plugins/Runtime/AudioWidgets/Content/AudioMaterialSlate/Functions/MF_SingleLine_Smooth.uexp" 784
"../../../Engine/Plugins/Runtime/AudioWidgets/Content/AudioMaterialSlate/Functions/MF_AngleGradient.uasset" 785
"../../../Engine/Plugins/Runtime/AudioWidgets/Content/AudioMaterialSlate/Functions/MF_AngleGradient.uexp" 786
"../../../Engine/Plugins/Runtime/AudioWidgets/Content/AudioMaterialSlate/Functions/MF_SingleLine.uexp" 787
"../../../Engine/Plugins/Runtime/AudioWidgets/Content/AudioMaterialSlate/Functions/MF_SingleLine.uasset" 788
"../../../Engine/Content/Functions/Engine_MaterialFunctions01/Gradient/SphereGradient-2D.uexp" 789
"../../../Engine/Content/Functions/Engine_MaterialFunctions01/Gradient/SphereGradient-2D.uasset" 790
"../../../Engine/Plugins/Runtime/AudioWidgets/Content/AudioMaterialSlate/M_AudioMaterialToggleButton.uasset" 791
"../../../Engine/Plugins/Runtime/AudioWidgets/Content/AudioMaterialSlate/M_AudioMaterialToggleButton.uexp" 792
"../../../Engine/Plugins/Runtime/AudioWidgets/Content/AudioMaterialSlate/MI_AudioMaterialToggleButton.uasset" 793
"../../../Engine/Plugins/Runtime/AudioWidgets/Content/AudioMaterialSlate/MI_AudioMaterialToggleButton.uexp" 794
"../../../Engine/Content/Functions/Engine_MaterialFunctions01/Gradient/GeneratedRoundRect.uexp" 795
"../../../Engine/Content/Functions/Engine_MaterialFunctions01/Gradient/GeneratedRoundRect.uasset" 796
"../../../Engine/Plugins/Runtime/AudioWidgets/Content/AudioMaterialSlate/Functions/MF_DotOutlined.uasset" 797
"../../../Engine/Plugins/Runtime/AudioWidgets/Content/AudioMaterialSlate/Functions/MF_DotOutlined.uexp" 798
"../../../Engine/Plugins/Runtime/AudioWidgets/Content/AudioMaterialSlate/M_AudioMaterialEnvelope_ADSR.uasset" 799
"../../../Engine/Plugins/Runtime/AudioWidgets/Content/AudioMaterialSlate/M_AudioMaterialEnvelope_ADSR.uexp" 800
"../../../Engine/Plugins/Runtime/AudioWidgets/Content/AudioMaterialSlate/MI_AudioMaterialEnvelope_ADSR.uasset" 801
"../../../Engine/Plugins/Runtime/AudioWidgets/Content/AudioMaterialSlate/MI_AudioMaterialEnvelope_ADSR.uexp" 802
"../../../Engine/Plugins/Runtime/AudioWidgets/Content/AudioMaterialSlate/M_AudioMaterialRoundedSlider.uexp" 803
"../../../Engine/Plugins/Runtime/AudioWidgets/Content/AudioMaterialSlate/M_AudioMaterialRoundedSlider.uasset" 804
"../../../Engine/Plugins/Runtime/AudioWidgets/Content/AudioMaterialSlate/MI_AudioMaterialRoundedSlider.uasset" 805
"../../../Engine/Plugins/Runtime/AudioWidgets/Content/AudioMaterialSlate/MI_AudioMaterialRoundedSlider.uexp" 806
"../../../Engine/Plugins/Runtime/AudioWidgets/Content/AudioMaterialSlate/M_AudioMaterialKnob.uasset" 807
"../../../Engine/Plugins/Runtime/AudioWidgets/Content/AudioMaterialSlate/M_AudioMaterialKnob.uexp" 808
"../../../Engine/Plugins/Runtime/AudioWidgets/Content/AudioMaterialSlate/MI_AudioMaterialKnob.uexp" 809
"../../../Engine/Plugins/Runtime/AudioWidgets/Content/AudioMaterialSlate/MI_AudioMaterialKnob.uasset" 810
"../../../Engine/Plugins/2D/Paper2D/Content/DefaultSpriteMaterial.uexp" 811
"../../../Engine/Plugins/2D/Paper2D/Content/DefaultSpriteMaterial.uasset" 812
"../../../Engine/Plugins/2D/Paper2D/Content/OpaqueUnlitSpriteMaterial.uasset" 813
"../../../Engine/Plugins/2D/Paper2D/Content/OpaqueUnlitSpriteMaterial.uexp" 814
"../../../Engine/Plugins/2D/Paper2D/Content/MaskedUnlitSpriteMaterial.uexp" 815
"../../../Engine/Plugins/2D/Paper2D/Content/MaskedUnlitSpriteMaterial.uasset" 816
"../../../Engine/Plugins/Media/MediaPlate/Content/SM_MediaPlateScreen.uasset" 817
"../../../Engine/Plugins/Media/MediaPlate/Content/SM_MediaPlateScreen.uexp" 818
"../../../Engine/Content/EngineResources/LandscapeVisibilityLayerInfo.uexp" 819
"../../../Engine/Content/EngineResources/LandscapeVisibilityLayerInfo.uasset" 820
"../../../Engine/Plugins/Animation/DeformerGraph/Content/DeformerFunctions/DG_Function_LinearBlendSkin_Morph_Cloth.uexp" 821
"../../../Engine/Plugins/Animation/DeformerGraph/Content/DeformerFunctions/DG_Function_LinearBlendSkin_Morph_Cloth.uasset" 822
"../../../Engine/Plugins/Animation/DeformerGraph/Content/DeformerFunctions/DG_Function_LinearBlendSkin_Morph_Cloth_PositionOnly.uexp" 823
"../../../Engine/Plugins/Animation/DeformerGraph/Content/DeformerFunctions/DG_Function_LinearBlendSkin_Morph_Cloth_PositionOnly.uasset" 824
"../../../Engine/Plugins/Animation/DeformerGraph/Content/DeformerFunctions/DG_Function_ComputeNormalsTangents.uexp" 825
"../../../Engine/Plugins/Animation/DeformerGraph/Content/DeformerFunctions/DG_Function_ComputeNormalsTangents.uasset" 826
"../../../Engine/Plugins/Animation/DeformerGraph/Content/Deformers/DG_LinearBlendSkin_Morph_Cloth_RecomputeNormals.uasset" 827
"../../../Engine/Plugins/Animation/DeformerGraph/Content/Deformers/DG_LinearBlendSkin_Morph_Cloth_RecomputeNormals.uexp" 828
"../../../Engine/Plugins/Animation/DeformerGraph/Content/Deformers/DG_LinearBlendSkin_Morph_Cloth.uasset" 829
"../../../Engine/Plugins/Animation/DeformerGraph/Content/Deformers/DG_LinearBlendSkin_Morph_Cloth.uexp" 830
"/Users/allannsudo/Documents/Unreal Projects/InfiniteMatrixStarter/Content/InfiniteMatrix/Textures/T_Noise.ubulk" 831
"/Users/allannsudo/Documents/Unreal Projects/InfiniteMatrixStarter/Content/InfiniteMatrix/Textures/T_Noise.uexp" 832
"/Users/allannsudo/Documents/Unreal Projects/InfiniteMatrixStarter/Content/InfiniteMatrix/Textures/T_Noise.uasset" 833
"/Users/allannsudo/Documents/Unreal Projects/InfiniteMatrixStarter/Content/InfiniteMatrix/Textures/T_Binary.ubulk" 834
"/Users/allannsudo/Documents/Unreal Projects/InfiniteMatrixStarter/Content/InfiniteMatrix/Textures/T_Binary.uexp" 835
"/Users/allannsudo/Documents/Unreal Projects/InfiniteMatrixStarter/Content/InfiniteMatrix/Textures/T_Binary.uasset" 836
"/Users/allannsudo/Documents/Unreal Projects/InfiniteMatrixStarter/Content/InfiniteMatrix/Materials/M_TunnelBase.uasset" 837
"/Users/allannsudo/Documents/Unreal Projects/InfiniteMatrixStarter/Content/InfiniteMatrix/Materials/M_TunnelBase.uexp" 838
"/Users/allannsudo/Documents/Unreal Projects/InfiniteMatrixStarter/Content/InfiniteMatrix/Materials/MI_Tunnel.uasset" 839
"/Users/allannsudo/Documents/Unreal Projects/InfiniteMatrixStarter/Content/InfiniteMatrix/Materials/MI_Tunnel.uexp" 840
"/Users/allannsudo/Documents/Unreal Projects/InfiniteMatrixStarter/Content/InfiniteMatrix/Meshes/SM_Tunnel.uasset" 841
"/Users/allannsudo/Documents/Unreal Projects/InfiniteMatrixStarter/Content/InfiniteMatrix/Meshes/SM_Tunnel.uexp" 842
"/Users/allannsudo/Documents/Unreal Projects/InfiniteMatrixStarter/Content/InfiniteMatrix/Materials/M_HoleBase.uasset" 843
"/Users/allannsudo/Documents/Unreal Projects/InfiniteMatrixStarter/Content/InfiniteMatrix/Materials/M_HoleBase.uexp" 844
"/Users/allannsudo/Documents/Unreal Projects/InfiniteMatrixStarter/Content/InfiniteMatrix/Materials/MI_Hole.uasset" 845
"/Users/allannsudo/Documents/Unreal Projects/InfiniteMatrixStarter/Content/InfiniteMatrix/Materials/MI_Hole.uexp" 846
"/Users/allannsudo/Documents/Unreal Projects/InfiniteMatrixStarter/Content/InfiniteMatrix/Meshes/SM_Hole_01.uexp" 847
"/Users/allannsudo/Documents/Unreal Projects/InfiniteMatrixStarter/Content/InfiniteMatrix/Meshes/SM_Hole_01.uasset" 848
"/Users/allannsudo/Documents/Unreal Projects/InfiniteMatrixStarter/Content/InfiniteMatrix/Meshes/SM_Hole_02.uexp" 849
"/Users/allannsudo/Documents/Unreal Projects/InfiniteMatrixStarter/Content/InfiniteMatrix/Meshes/SM_Hole_02.uasset" 850
"/Users/allannsudo/Documents/Unreal Projects/InfiniteMatrixStarter/Content/InfiniteMatrix/Meshes/SM_Hole_03.uexp" 851
"/Users/allannsudo/Documents/Unreal Projects/InfiniteMatrixStarter/Content/InfiniteMatrix/Meshes/SM_Hole_03.uasset" 852
"/Users/allannsudo/Documents/Unreal Projects/InfiniteMatrixStarter/Content/InfiniteMatrix/Meshes/SM_Hole_04.uasset" 853
"/Users/allannsudo/Documents/Unreal Projects/InfiniteMatrixStarter/Content/InfiniteMatrix/Meshes/SM_Hole_04.uexp" 854
"/Users/allannsudo/Documents/Unreal Projects/InfiniteMatrixStarter/Content/InfiniteMatrix/Blueprints/BP_Tunnel.uasset" 855
"/Users/allannsudo/Documents/Unreal Projects/InfiniteMatrixStarter/Content/InfiniteMatrix/Blueprints/BP_Tunnel.uexp" 856
"/Users/allannsudo/Documents/Unreal Projects/InfiniteMatrixStarter/Content/InfiniteMatrix/Blueprints/BP_TunnelSpawner.uasset" 857
"/Users/allannsudo/Documents/Unreal Projects/InfiniteMatrixStarter/Content/InfiniteMatrix/Blueprints/BP_TunnelSpawner.uexp" 858
"/Users/allannsudo/Documents/Unreal Projects/InfiniteMatrixStarter/Content/InfiniteMatrix/UI/T_Restart.uexp" 859
"/Users/allannsudo/Documents/Unreal Projects/InfiniteMatrixStarter/Content/InfiniteMatrix/UI/T_Restart.ubulk" 860
"/Users/allannsudo/Documents/Unreal Projects/InfiniteMatrixStarter/Content/InfiniteMatrix/UI/T_Restart.uasset" 861
"/Users/allannsudo/Documents/Unreal Projects/InfiniteMatrixStarter/Content/InfiniteMatrix/UI/WBP_Restart.uasset" 862
"/Users/allannsudo/Documents/Unreal Projects/InfiniteMatrixStarter/Content/InfiniteMatrix/UI/WBP_Restart.uexp" 863
"/Users/allannsudo/Documents/Unreal Projects/InfiniteMatrixStarter/Content/InfiniteMatrix/Blueprints/BP_Player.uexp" 864
"/Users/allannsudo/Documents/Unreal Projects/InfiniteMatrixStarter/Content/InfiniteMatrix/Blueprints/BP_Player.uasset" 865
"/Users/allannsudo/Documents/Unreal Projects/InfiniteMatrixStarter/Content/InfiniteMatrix/Blueprints/GM_Tutorial.uexp" 866
"/Users/allannsudo/Documents/Unreal Projects/InfiniteMatrixStarter/Content/InfiniteMatrix/Blueprints/GM_Tutorial.uasset" 867
"/Users/allannsudo/Documents/Unreal Projects/InfiniteMatrixStarter/Content/InfiniteMatrix/Maps/TutorialMap.umap" 868
"/Users/allannsudo/Documents/Unreal Projects/InfiniteMatrixStarter/Content/InfiniteMatrix/Maps/TutorialMap.ubulk" 869
"/Users/allannsudo/Documents/Unreal Projects/InfiniteMatrixStarter/Content/InfiniteMatrix/Maps/TutorialMap.uexp" 870
"../../../Engine/Content/Maps/Entry_BuiltData.uexp" 871
"../../../Engine/Content/Maps/Entry_BuiltData.uasset" 872
"../../../Engine/Content/Maps/Entry.umap" 873
"../../../Engine/Content/Maps/Entry.uexp" 874
